{"/mnt/c/Users/Frandy/OneDrive/ATLAS/atlas-music-player/src/main.jsx": {"path":"/mnt/c/Users/Frandy/OneDrive/ATLAS/atlas-music-player/src/main.jsx","all":true,"statementMap":{"0":{"start":{"line":1,"column":0},"end":{"line":1,"column":26}},"1":{"start":{"line":2,"column":0},"end":{"line":2,"column":40}},"2":{"start":{"line":3,"column":0},"end":{"line":3,"column":35}},"3":{"start":{"line":4,"column":0},"end":{"line":4,"column":21}},"5":{"start":{"line":6,"column":0},"end":{"line":6,"column":60}},"6":{"start":{"line":7,"column":0},"end":{"line":7,"column":20}},"7":{"start":{"line":8,"column":0},"end":{"line":8,"column":11}},"8":{"start":{"line":9,"column":0},"end":{"line":9,"column":21}},"9":{"start":{"line":10,"column":0},"end":{"line":10,"column":2}}},"s":{"0":0,"1":0,"2":0,"3":0,"5":0,"6":0,"7":0,"8":0,"9":0},"branchMap":{"0":{"type":"branch","line":1,"loc":{"start":{"line":1,"column":213},"end":{"line":10,"column":-176}},"locations":[{"start":{"line":1,"column":213},"end":{"line":10,"column":-176}}]}},"b":{"0":[0]},"fnMap":{"0":{"name":"(empty-report)","decl":{"start":{"line":1,"column":213},"end":{"line":10,"column":-176}},"loc":{"start":{"line":1,"column":213},"end":{"line":10,"column":-176}},"line":1}},"f":{"0":0}}
,"/mnt/c/Users/Frandy/OneDrive/ATLAS/atlas-music-player/src/components/App.tsx": {"path":"/mnt/c/Users/Frandy/OneDrive/ATLAS/atlas-music-player/src/components/App.tsx","all":true,"statementMap":{"0":{"start":{"line":1,"column":0},"end":{"line":1,"column":40}},"3":{"start":{"line":4,"column":0},"end":{"line":4,"column":19}},"4":{"start":{"line":5,"column":0},"end":{"line":5,"column":10}},"5":{"start":{"line":6,"column":0},"end":{"line":6,"column":96}},"7":{"start":{"line":8,"column":0},"end":{"line":8,"column":69}},"9":{"start":{"line":10,"column":0},"end":{"line":10,"column":90}},"11":{"start":{"line":12,"column":0},"end":{"line":12,"column":11}},"14":{"start":{"line":15,"column":0},"end":{"line":15,"column":59}},"16":{"start":{"line":17,"column":0},"end":{"line":17,"column":23}},"17":{"start":{"line":18,"column":0},"end":{"line":18,"column":13}},"19":{"start":{"line":20,"column":0},"end":{"line":20,"column":10}},"22":{"start":{"line":23,"column":0},"end":{"line":23,"column":2}},"24":{"start":{"line":25,"column":0},"end":{"line":25,"column":19}}},"s":{"0":0,"3":0,"4":0,"5":0,"7":0,"9":0,"11":0,"14":0,"16":0,"17":0,"19":0,"22":0,"24":0},"branchMap":{"0":{"type":"branch","line":1,"loc":{"start":{"line":1,"column":197},"end":{"line":25,"column":-403}},"locations":[{"start":{"line":1,"column":197},"end":{"line":25,"column":-403}}]}},"b":{"0":[0]},"fnMap":{"0":{"name":"(empty-report)","decl":{"start":{"line":1,"column":197},"end":{"line":25,"column":-403}},"loc":{"start":{"line":1,"column":197},"end":{"line":25,"column":-403}},"line":1}},"f":{"0":0}}
,"/mnt/c/Users/Frandy/OneDrive/ATLAS/atlas-music-player/src/components/AudioPlayer.tsx": {"path":"/mnt/c/Users/Frandy/OneDrive/ATLAS/atlas-music-player/src/components/AudioPlayer.tsx","all":false,"statementMap":{"0":{"start":{"line":1,"column":0},"end":{"line":1,"column":52}},"13":{"start":{"line":14,"column":0},"end":{"line":14,"column":50}},"14":{"start":{"line":15,"column":0},"end":{"line":15,"column":6}},"15":{"start":{"line":16,"column":0},"end":{"line":16,"column":12}},"16":{"start":{"line":17,"column":0},"end":{"line":17,"column":9}},"17":{"start":{"line":18,"column":0},"end":{"line":18,"column":16}},"18":{"start":{"line":19,"column":0},"end":{"line":19,"column":15}},"19":{"start":{"line":20,"column":0},"end":{"line":20,"column":9}},"20":{"start":{"line":21,"column":0},"end":{"line":21,"column":19}},"21":{"start":{"line":22,"column":0},"end":{"line":22,"column":9}},"22":{"start":{"line":23,"column":0},"end":{"line":23,"column":7}},"23":{"start":{"line":24,"column":0},"end":{"line":24,"column":57}},"24":{"start":{"line":25,"column":0},"end":{"line":25,"column":52}},"25":{"start":{"line":26,"column":0},"end":{"line":26,"column":46}},"28":{"start":{"line":29,"column":0},"end":{"line":29,"column":19}},"29":{"start":{"line":30,"column":0},"end":{"line":30,"column":27}},"30":{"start":{"line":31,"column":0},"end":{"line":31,"column":33}},"31":{"start":{"line":32,"column":0},"end":{"line":32,"column":30}},"32":{"start":{"line":33,"column":0},"end":{"line":33,"column":22}},"33":{"start":{"line":34,"column":0},"end":{"line":34,"column":32}},"34":{"start":{"line":35,"column":0},"end":{"line":35,"column":7}},"35":{"start":{"line":36,"column":0},"end":{"line":36,"column":5}},"36":{"start":{"line":37,"column":0},"end":{"line":37,"column":12}},"39":{"start":{"line":40,"column":0},"end":{"line":40,"column":19}},"40":{"start":{"line":41,"column":0},"end":{"line":41,"column":27}},"41":{"start":{"line":42,"column":0},"end":{"line":42,"column":22}},"42":{"start":{"line":43,"column":0},"end":{"line":43,"column":32}},"43":{"start":{"line":44,"column":0},"end":{"line":44,"column":14}},"44":{"start":{"line":45,"column":0},"end":{"line":45,"column":33}},"45":{"start":{"line":46,"column":0},"end":{"line":46,"column":7}},"46":{"start":{"line":47,"column":0},"end":{"line":47,"column":5}},"47":{"start":{"line":48,"column":0},"end":{"line":48,"column":18}},"50":{"start":{"line":51,"column":0},"end":{"line":51,"column":19}},"51":{"start":{"line":52,"column":0},"end":{"line":52,"column":27}},"52":{"start":{"line":53,"column":0},"end":{"line":53,"column":45}},"53":{"start":{"line":54,"column":0},"end":{"line":54,"column":5}},"54":{"start":{"line":55,"column":0},"end":{"line":55,"column":15}},"57":{"start":{"line":58,"column":0},"end":{"line":58,"column":19}},"58":{"start":{"line":59,"column":0},"end":{"line":59,"column":27}},"59":{"start":{"line":60,"column":0},"end":{"line":60,"column":52}},"60":{"start":{"line":61,"column":0},"end":{"line":61,"column":5}},"61":{"start":{"line":62,"column":0},"end":{"line":62,"column":22}},"64":{"start":{"line":65,"column":0},"end":{"line":65,"column":19}},"65":{"start":{"line":66,"column":0},"end":{"line":66,"column":34}},"66":{"start":{"line":67,"column":0},"end":{"line":67,"column":29}},"67":{"start":{"line":68,"column":0},"end":{"line":68,"column":53}},"68":{"start":{"line":69,"column":0},"end":{"line":69,"column":52}},"69":{"start":{"line":70,"column":0},"end":{"line":70,"column":82}},"70":{"start":{"line":71,"column":0},"end":{"line":71,"column":7}},"71":{"start":{"line":72,"column":0},"end":{"line":72,"column":6}},"73":{"start":{"line":74,"column":0},"end":{"line":74,"column":27}},"74":{"start":{"line":75,"column":0},"end":{"line":75,"column":70}},"75":{"start":{"line":76,"column":0},"end":{"line":76,"column":74}},"76":{"start":{"line":77,"column":0},"end":{"line":77,"column":57}},"77":{"start":{"line":78,"column":0},"end":{"line":78,"column":5}},"79":{"start":{"line":80,"column":0},"end":{"line":80,"column":18}},"80":{"start":{"line":81,"column":0},"end":{"line":81,"column":29}},"81":{"start":{"line":82,"column":0},"end":{"line":82,"column":75}},"82":{"start":{"line":83,"column":0},"end":{"line":83,"column":79}},"83":{"start":{"line":84,"column":0},"end":{"line":84,"column":62}},"84":{"start":{"line":85,"column":0},"end":{"line":85,"column":7}},"85":{"start":{"line":86,"column":0},"end":{"line":86,"column":6}},"86":{"start":{"line":87,"column":0},"end":{"line":87,"column":33}},"89":{"start":{"line":90,"column":0},"end":{"line":90,"column":40}},"90":{"start":{"line":91,"column":0},"end":{"line":91,"column":27}},"91":{"start":{"line":92,"column":0},"end":{"line":92,"column":42}},"92":{"start":{"line":93,"column":0},"end":{"line":93,"column":27}},"93":{"start":{"line":94,"column":0},"end":{"line":94,"column":19}},"94":{"start":{"line":95,"column":0},"end":{"line":95,"column":23}},"95":{"start":{"line":96,"column":0},"end":{"line":96,"column":81}},"96":{"start":{"line":97,"column":0},"end":{"line":97,"column":7}},"97":{"start":{"line":98,"column":0},"end":{"line":98,"column":5}},"98":{"start":{"line":99,"column":0},"end":{"line":99,"column":4}},"100":{"start":{"line":101,"column":0},"end":{"line":101,"column":34}},"101":{"start":{"line":102,"column":0},"end":{"line":102,"column":2}},"103":{"start":{"line":104,"column":0},"end":{"line":104,"column":27}}},"s":{"0":1,"13":1,"14":13,"15":13,"16":13,"17":13,"18":13,"19":13,"20":13,"21":13,"22":13,"23":13,"24":13,"25":13,"28":13,"29":8,"30":8,"31":8,"32":8,"33":8,"34":8,"35":8,"36":13,"39":13,"40":7,"41":7,"42":6,"43":7,"44":1,"45":1,"46":7,"47":13,"50":13,"51":5,"52":5,"53":5,"54":13,"57":13,"58":8,"59":8,"60":8,"61":13,"64":13,"65":13,"66":0,"67":0,"68":0,"69":0,"70":0,"71":0,"73":13,"74":13,"75":13,"76":13,"77":13,"79":13,"80":13,"81":8,"82":8,"83":8,"84":8,"85":13,"86":13,"89":13,"90":0,"91":0,"92":0,"93":0,"94":0,"95":0,"96":0,"97":0,"98":0,"100":13,"101":13,"103":1},"branchMap":{"0":{"type":"branch","line":14,"loc":{"start":{"line":14,"column":48},"end":{"line":102,"column":2}},"locations":[{"start":{"line":14,"column":48},"end":{"line":102,"column":2}}]},"1":{"type":"branch","line":29,"loc":{"start":{"line":29,"column":12},"end":{"line":37,"column":5}},"locations":[{"start":{"line":29,"column":12},"end":{"line":37,"column":5}}]},"2":{"type":"branch","line":40,"loc":{"start":{"line":40,"column":12},"end":{"line":48,"column":5}},"locations":[{"start":{"line":40,"column":12},"end":{"line":48,"column":5}}]},"3":{"type":"branch","line":42,"loc":{"start":{"line":42,"column":21},"end":{"line":44,"column":13}},"locations":[{"start":{"line":42,"column":21},"end":{"line":44,"column":13}}]},"4":{"type":"branch","line":44,"loc":{"start":{"line":44,"column":6},"end":{"line":46,"column":7}},"locations":[{"start":{"line":44,"column":6},"end":{"line":46,"column":7}}]},"5":{"type":"branch","line":51,"loc":{"start":{"line":51,"column":12},"end":{"line":55,"column":5}},"locations":[{"start":{"line":51,"column":12},"end":{"line":55,"column":5}}]},"6":{"type":"branch","line":58,"loc":{"start":{"line":58,"column":12},"end":{"line":62,"column":5}},"locations":[{"start":{"line":58,"column":12},"end":{"line":62,"column":5}}]},"7":{"type":"branch","line":65,"loc":{"start":{"line":65,"column":12},"end":{"line":87,"column":5}},"locations":[{"start":{"line":65,"column":12},"end":{"line":87,"column":5}}]},"8":{"type":"branch","line":80,"loc":{"start":{"line":80,"column":11},"end":{"line":86,"column":6}},"locations":[{"start":{"line":80,"column":11},"end":{"line":86,"column":6}}]},"9":{"type":"branch","line":81,"loc":{"start":{"line":81,"column":28},"end":{"line":85,"column":7}},"locations":[{"start":{"line":81,"column":28},"end":{"line":85,"column":7}}]}},"b":{"0":[13],"1":[8],"2":[7],"3":[6],"4":[1],"5":[5],"6":[8],"7":[13],"8":[13],"9":[8]},"fnMap":{"0":{"name":"AudioPlayer","decl":{"start":{"line":14,"column":48},"end":{"line":102,"column":2}},"loc":{"start":{"line":14,"column":48},"end":{"line":102,"column":2}},"line":14},"1":{"name":"updateProgress","decl":{"start":{"line":66,"column":27},"end":{"line":72,"column":6}},"loc":{"start":{"line":66,"column":27},"end":{"line":72,"column":6}},"line":66},"2":{"name":"handleSeek","decl":{"start":{"line":90,"column":21},"end":{"line":99,"column":4}},"loc":{"start":{"line":90,"column":21},"end":{"line":99,"column":4}},"line":90}},"f":{"0":13,"1":0,"2":0}}
,"/mnt/c/Users/Frandy/OneDrive/ATLAS/atlas-music-player/src/components/CoverArt.tsx": {"path":"/mnt/c/Users/Frandy/OneDrive/ATLAS/atlas-music-player/src/components/CoverArt.tsx","all":false,"statementMap":{"0":{"start":{"line":1,"column":0},"end":{"line":1,"column":44}},"1":{"start":{"line":2,"column":0},"end":{"line":2,"column":52}},"8":{"start":{"line":9,"column":0},"end":{"line":9,"column":71}},"9":{"start":{"line":10,"column":0},"end":{"line":10,"column":64}},"10":{"start":{"line":11,"column":0},"end":{"line":11,"column":60}},"12":{"start":{"line":13,"column":0},"end":{"line":13,"column":19}},"13":{"start":{"line":14,"column":0},"end":{"line":14,"column":39}},"14":{"start":{"line":15,"column":0},"end":{"line":15,"column":11}},"15":{"start":{"line":16,"column":0},"end":{"line":16,"column":64}},"16":{"start":{"line":17,"column":0},"end":{"line":17,"column":43}},"17":{"start":{"line":18,"column":0},"end":{"line":18,"column":47}},"18":{"start":{"line":19,"column":0},"end":{"line":19,"column":39}},"19":{"start":{"line":20,"column":0},"end":{"line":20,"column":23}},"20":{"start":{"line":21,"column":0},"end":{"line":21,"column":61}},"21":{"start":{"line":22,"column":0},"end":{"line":22,"column":7}},"22":{"start":{"line":23,"column":0},"end":{"line":23,"column":5}},"24":{"start":{"line":25,"column":0},"end":{"line":25,"column":17}},"25":{"start":{"line":26,"column":0},"end":{"line":26,"column":25}},"26":{"start":{"line":27,"column":0},"end":{"line":27,"column":5}},"27":{"start":{"line":28,"column":0},"end":{"line":28,"column":15}},"29":{"start":{"line":30,"column":0},"end":{"line":30,"column":10}},"30":{"start":{"line":31,"column":0},"end":{"line":31,"column":101}},"31":{"start":{"line":32,"column":0},"end":{"line":32,"column":10}},"32":{"start":{"line":33,"column":0},"end":{"line":33,"column":22}},"33":{"start":{"line":34,"column":0},"end":{"line":34,"column":25}},"34":{"start":{"line":35,"column":0},"end":{"line":35,"column":90}},"35":{"start":{"line":36,"column":0},"end":{"line":36,"column":8}},"36":{"start":{"line":37,"column":0},"end":{"line":37,"column":32}},"37":{"start":{"line":38,"column":0},"end":{"line":38,"column":154}},"38":{"start":{"line":39,"column":0},"end":{"line":39,"column":18}},"39":{"start":{"line":40,"column":0},"end":{"line":40,"column":14}},"41":{"start":{"line":42,"column":0},"end":{"line":42,"column":10}},"44":{"start":{"line":45,"column":0},"end":{"line":45,"column":2}},"46":{"start":{"line":47,"column":0},"end":{"line":47,"column":24}}},"s":{"0":1,"1":1,"8":1,"9":5,"10":5,"12":5,"13":3,"14":3,"15":3,"16":3,"17":3,"18":3,"19":3,"20":0,"21":0,"22":3,"24":3,"25":3,"26":3,"27":5,"29":5,"30":5,"31":5,"32":5,"33":5,"34":5,"35":5,"36":5,"37":1,"38":1,"39":1,"41":5,"44":5,"46":1},"branchMap":{"0":{"type":"branch","line":9,"loc":{"start":{"line":9,"column":42},"end":{"line":45,"column":2}},"locations":[{"start":{"line":9,"column":42},"end":{"line":45,"column":2}}]},"1":{"type":"branch","line":37,"loc":{"start":{"line":37,"column":7},"end":{"line":37,"column":32}},"locations":[{"start":{"line":37,"column":7},"end":{"line":37,"column":32}}]},"2":{"type":"branch","line":37,"loc":{"start":{"line":37,"column":21},"end":{"line":40,"column":14}},"locations":[{"start":{"line":37,"column":21},"end":{"line":40,"column":14}}]},"3":{"type":"branch","line":13,"loc":{"start":{"line":13,"column":12},"end":{"line":28,"column":5}},"locations":[{"start":{"line":13,"column":12},"end":{"line":28,"column":5}}]},"4":{"type":"branch","line":14,"loc":{"start":{"line":14,"column":4},"end":{"line":23,"column":5}},"locations":[{"start":{"line":14,"column":4},"end":{"line":23,"column":5}}]},"5":{"type":"branch","line":18,"loc":{"start":{"line":18,"column":25},"end":{"line":18,"column":45}},"locations":[{"start":{"line":18,"column":25},"end":{"line":18,"column":45}}]},"6":{"type":"branch","line":19,"loc":{"start":{"line":19,"column":23},"end":{"line":19,"column":37}},"locations":[{"start":{"line":19,"column":23},"end":{"line":19,"column":37}}]},"7":{"type":"branch","line":20,"loc":{"start":{"line":20,"column":6},"end":{"line":22,"column":7}},"locations":[{"start":{"line":20,"column":6},"end":{"line":22,"column":7}}]}},"b":{"0":[5],"1":[2],"2":[1],"3":[3],"4":[3],"5":[0],"6":[1],"7":[0]},"fnMap":{"0":{"name":"CoverArt","decl":{"start":{"line":9,"column":42},"end":{"line":45,"column":2}},"loc":{"start":{"line":9,"column":42},"end":{"line":45,"column":2}},"line":9},"1":{"name":"fetchSongDetails","decl":{"start":{"line":14,"column":4},"end":{"line":23,"column":5}},"loc":{"start":{"line":14,"column":4},"end":{"line":23,"column":5}},"line":14}},"f":{"0":5,"1":3}}
,"/mnt/c/Users/Frandy/OneDrive/ATLAS/atlas-music-player/src/components/CurrentlyPlaying.tsx": {"path":"/mnt/c/Users/Frandy/OneDrive/ATLAS/atlas-music-player/src/components/CurrentlyPlaying.tsx","all":false,"statementMap":{"1":{"start":{"line":2,"column":0},"end":{"line":2,"column":42}},"2":{"start":{"line":3,"column":0},"end":{"line":3,"column":46}},"25":{"start":{"line":26,"column":0},"end":{"line":26,"column":38}},"26":{"start":{"line":27,"column":0},"end":{"line":27,"column":45}},"27":{"start":{"line":28,"column":0},"end":{"line":28,"column":40}},"28":{"start":{"line":29,"column":0},"end":{"line":29,"column":40}},"29":{"start":{"line":30,"column":0},"end":{"line":30,"column":59}},"30":{"start":{"line":31,"column":0},"end":{"line":31,"column":2}},"32":{"start":{"line":33,"column":0},"end":{"line":33,"column":66}},"33":{"start":{"line":34,"column":0},"end":{"line":34,"column":49}},"34":{"start":{"line":35,"column":0},"end":{"line":35,"column":44}},"35":{"start":{"line":36,"column":0},"end":{"line":36,"column":63}},"36":{"start":{"line":37,"column":0},"end":{"line":37,"column":63}},"37":{"start":{"line":38,"column":0},"end":{"line":38,"column":63}},"38":{"start":{"line":39,"column":0},"end":{"line":39,"column":22}},"39":{"start":{"line":40,"column":0},"end":{"line":40,"column":2}},"41":{"start":{"line":42,"column":0},"end":{"line":42,"column":60}},"42":{"start":{"line":43,"column":0},"end":{"line":43,"column":11}},"43":{"start":{"line":44,"column":0},"end":{"line":44,"column":8}},"44":{"start":{"line":45,"column":0},"end":{"line":45,"column":9}},"45":{"start":{"line":46,"column":0},"end":{"line":46,"column":12}},"46":{"start":{"line":47,"column":0},"end":{"line":47,"column":15}},"47":{"start":{"line":48,"column":0},"end":{"line":48,"column":9}},"48":{"start":{"line":49,"column":0},"end":{"line":49,"column":9}},"49":{"start":{"line":50,"column":0},"end":{"line":50,"column":18}},"50":{"start":{"line":51,"column":0},"end":{"line":51,"column":17}},"51":{"start":{"line":52,"column":0},"end":{"line":52,"column":11}},"52":{"start":{"line":53,"column":0},"end":{"line":53,"column":11}},"53":{"start":{"line":54,"column":0},"end":{"line":54,"column":9}},"54":{"start":{"line":55,"column":0},"end":{"line":55,"column":10}},"55":{"start":{"line":56,"column":0},"end":{"line":56,"column":24}},"56":{"start":{"line":57,"column":0},"end":{"line":57,"column":13}},"57":{"start":{"line":58,"column":0},"end":{"line":58,"column":17}},"58":{"start":{"line":59,"column":0},"end":{"line":59,"column":9}},"59":{"start":{"line":60,"column":0},"end":{"line":60,"column":7}},"60":{"start":{"line":61,"column":0},"end":{"line":61,"column":10}},"61":{"start":{"line":62,"column":0},"end":{"line":62,"column":53}},"63":{"start":{"line":64,"column":0},"end":{"line":64,"column":75}},"64":{"start":{"line":65,"column":0},"end":{"line":65,"column":12}},"65":{"start":{"line":66,"column":0},"end":{"line":66,"column":24}},"66":{"start":{"line":67,"column":0},"end":{"line":67,"column":27}},"67":{"start":{"line":68,"column":0},"end":{"line":68,"column":59}},"68":{"start":{"line":69,"column":0},"end":{"line":69,"column":10}},"69":{"start":{"line":70,"column":0},"end":{"line":70,"column":34}},"70":{"start":{"line":71,"column":0},"end":{"line":71,"column":135}},"71":{"start":{"line":72,"column":0},"end":{"line":72,"column":20}},"72":{"start":{"line":73,"column":0},"end":{"line":73,"column":16}},"74":{"start":{"line":75,"column":0},"end":{"line":75,"column":12}},"77":{"start":{"line":78,"column":0},"end":{"line":78,"column":69}},"78":{"start":{"line":79,"column":0},"end":{"line":79,"column":73}},"79":{"start":{"line":80,"column":0},"end":{"line":80,"column":17}},"80":{"start":{"line":81,"column":0},"end":{"line":81,"column":13}},"81":{"start":{"line":82,"column":0},"end":{"line":82,"column":78}},"82":{"start":{"line":83,"column":0},"end":{"line":83,"column":12}},"85":{"start":{"line":86,"column":0},"end":{"line":86,"column":62}},"86":{"start":{"line":87,"column":0},"end":{"line":87,"column":89}},"87":{"start":{"line":88,"column":0},"end":{"line":88,"column":45}},"88":{"start":{"line":89,"column":0},"end":{"line":89,"column":45}},"89":{"start":{"line":90,"column":0},"end":{"line":90,"column":14}},"91":{"start":{"line":92,"column":0},"end":{"line":92,"column":12}},"92":{"start":{"line":93,"column":0},"end":{"line":93,"column":44}},"93":{"start":{"line":94,"column":0},"end":{"line":94,"column":50}},"94":{"start":{"line":95,"column":0},"end":{"line":95,"column":40}},"96":{"start":{"line":97,"column":0},"end":{"line":97,"column":14}},"97":{"start":{"line":98,"column":0},"end":{"line":98,"column":68}},"98":{"start":{"line":99,"column":0},"end":{"line":99,"column":65}},"99":{"start":{"line":100,"column":0},"end":{"line":100,"column":15}},"100":{"start":{"line":101,"column":0},"end":{"line":101,"column":20}},"101":{"start":{"line":102,"column":0},"end":{"line":102,"column":20}},"102":{"start":{"line":103,"column":0},"end":{"line":103,"column":39}},"103":{"start":{"line":104,"column":0},"end":{"line":104,"column":53}},"104":{"start":{"line":105,"column":0},"end":{"line":105,"column":25}},"105":{"start":{"line":106,"column":0},"end":{"line":106,"column":14}},"106":{"start":{"line":107,"column":0},"end":{"line":107,"column":12}},"107":{"start":{"line":108,"column":0},"end":{"line":108,"column":16}},"108":{"start":{"line":109,"column":0},"end":{"line":109,"column":24}},"109":{"start":{"line":110,"column":0},"end":{"line":110,"column":19}},"110":{"start":{"line":111,"column":0},"end":{"line":111,"column":26}},"111":{"start":{"line":112,"column":0},"end":{"line":112,"column":28}},"112":{"start":{"line":113,"column":0},"end":{"line":113,"column":71}},"113":{"start":{"line":114,"column":0},"end":{"line":114,"column":67}},"114":{"start":{"line":115,"column":0},"end":{"line":115,"column":63}},"115":{"start":{"line":116,"column":0},"end":{"line":116,"column":15}},"116":{"start":{"line":117,"column":0},"end":{"line":117,"column":31}},"117":{"start":{"line":118,"column":0},"end":{"line":118,"column":12}},"118":{"start":{"line":119,"column":0},"end":{"line":119,"column":14}},"119":{"start":{"line":120,"column":0},"end":{"line":120,"column":12}},"122":{"start":{"line":123,"column":0},"end":{"line":123,"column":62}},"123":{"start":{"line":124,"column":0},"end":{"line":124,"column":21}},"124":{"start":{"line":125,"column":0},"end":{"line":125,"column":31}},"125":{"start":{"line":126,"column":0},"end":{"line":126,"column":37}},"126":{"start":{"line":127,"column":0},"end":{"line":127,"column":25}},"127":{"start":{"line":128,"column":0},"end":{"line":128,"column":25}},"128":{"start":{"line":129,"column":0},"end":{"line":129,"column":43}},"129":{"start":{"line":130,"column":0},"end":{"line":130,"column":55}},"130":{"start":{"line":131,"column":0},"end":{"line":131,"column":10}},"131":{"start":{"line":132,"column":0},"end":{"line":132,"column":12}},"134":{"start":{"line":135,"column":0},"end":{"line":135,"column":62}},"135":{"start":{"line":136,"column":0},"end":{"line":136,"column":23}},"136":{"start":{"line":137,"column":0},"end":{"line":137,"column":41}},"137":{"start":{"line":138,"column":0},"end":{"line":138,"column":41}},"138":{"start":{"line":139,"column":0},"end":{"line":139,"column":10}},"139":{"start":{"line":140,"column":0},"end":{"line":140,"column":12}},"140":{"start":{"line":141,"column":0},"end":{"line":141,"column":10}},"142":{"start":{"line":143,"column":0},"end":{"line":143,"column":2}},"144":{"start":{"line":145,"column":0},"end":{"line":145,"column":32}}},"s":{"1":1,"2":1,"25":1,"26":26,"27":26,"28":26,"29":26,"30":26,"32":1,"33":13,"34":13,"35":13,"36":13,"37":13,"38":13,"39":13,"41":1,"42":13,"43":13,"44":13,"45":13,"46":13,"47":13,"48":13,"49":13,"50":13,"51":13,"52":13,"53":13,"54":13,"55":13,"56":13,"57":13,"58":13,"59":13,"60":13,"61":13,"63":13,"64":13,"65":13,"66":13,"67":13,"68":13,"69":13,"70":0,"71":0,"72":0,"74":13,"77":13,"78":13,"79":13,"80":13,"81":13,"82":13,"85":13,"86":13,"87":13,"88":13,"89":13,"91":13,"92":13,"93":13,"94":13,"96":13,"97":13,"98":13,"99":13,"100":13,"101":13,"102":13,"103":0,"104":13,"105":13,"106":13,"107":13,"108":13,"109":13,"110":13,"111":13,"112":13,"113":13,"114":13,"115":13,"116":13,"117":13,"118":13,"119":13,"122":13,"123":13,"124":13,"125":13,"126":13,"127":13,"128":13,"129":13,"130":13,"131":13,"134":13,"135":13,"136":13,"137":13,"138":13,"139":13,"140":13,"142":13,"144":1},"branchMap":{"0":{"type":"branch","line":26,"loc":{"start":{"line":26,"column":19},"end":{"line":31,"column":2}},"locations":[{"start":{"line":26,"column":19},"end":{"line":31,"column":2}}]},"1":{"type":"branch","line":27,"loc":{"start":{"line":27,"column":31},"end":{"line":27,"column":45}},"locations":[{"start":{"line":27,"column":31},"end":{"line":27,"column":45}}]},"2":{"type":"branch","line":30,"loc":{"start":{"line":30,"column":38},"end":{"line":30,"column":46}},"locations":[{"start":{"line":30,"column":38},"end":{"line":30,"column":46}}]},"3":{"type":"branch","line":33,"loc":{"start":{"line":33,"column":25},"end":{"line":40,"column":2}},"locations":[{"start":{"line":33,"column":25},"end":{"line":40,"column":2}}]},"4":{"type":"branch","line":35,"loc":{"start":{"line":35,"column":24},"end":{"line":35,"column":44}},"locations":[{"start":{"line":35,"column":24},"end":{"line":35,"column":44}}]},"5":{"type":"branch","line":36,"loc":{"start":{"line":36,"column":19},"end":{"line":36,"column":43}},"locations":[{"start":{"line":36,"column":19},"end":{"line":36,"column":43}}]},"6":{"type":"branch","line":36,"loc":{"start":{"line":36,"column":43},"end":{"line":36,"column":63}},"locations":[{"start":{"line":36,"column":43},"end":{"line":36,"column":63}}]},"7":{"type":"branch","line":37,"loc":{"start":{"line":37,"column":19},"end":{"line":37,"column":43}},"locations":[{"start":{"line":37,"column":19},"end":{"line":37,"column":43}}]},"8":{"type":"branch","line":37,"loc":{"start":{"line":37,"column":43},"end":{"line":37,"column":63}},"locations":[{"start":{"line":37,"column":43},"end":{"line":37,"column":63}}]},"9":{"type":"branch","line":38,"loc":{"start":{"line":38,"column":19},"end":{"line":38,"column":43}},"locations":[{"start":{"line":38,"column":19},"end":{"line":38,"column":43}}]},"10":{"type":"branch","line":38,"loc":{"start":{"line":38,"column":43},"end":{"line":38,"column":63}},"locations":[{"start":{"line":38,"column":43},"end":{"line":38,"column":63}}]},"11":{"type":"branch","line":42,"loc":{"start":{"line":42,"column":58},"end":{"line":143,"column":2}},"locations":[{"start":{"line":42,"column":58},"end":{"line":143,"column":2}}]},"12":{"type":"branch","line":70,"loc":{"start":{"line":70,"column":9},"end":{"line":70,"column":34}},"locations":[{"start":{"line":70,"column":9},"end":{"line":70,"column":34}}]},"13":{"type":"branch","line":70,"loc":{"start":{"line":70,"column":23},"end":{"line":73,"column":16}},"locations":[{"start":{"line":70,"column":23},"end":{"line":73,"column":16}}]},"14":{"type":"branch","line":94,"loc":{"start":{"line":94,"column":22},"end":{"line":94,"column":50}},"locations":[{"start":{"line":94,"column":22},"end":{"line":94,"column":50}}]},"15":{"type":"branch","line":99,"loc":{"start":{"line":99,"column":59},"end":{"line":99,"column":65}},"locations":[{"start":{"line":99,"column":59},"end":{"line":99,"column":65}}]},"16":{"type":"branch","line":103,"loc":{"start":{"line":103,"column":38},"end":{"line":104,"column":53}},"locations":[{"start":{"line":103,"column":38},"end":{"line":104,"column":53}}]},"17":{"type":"branch","line":115,"loc":{"start":{"line":115,"column":24},"end":{"line":115,"column":63}},"locations":[{"start":{"line":115,"column":24},"end":{"line":115,"column":63}}]}},"b":{"0":[26],"1":[0],"2":[0],"3":[13],"4":[0],"5":[0],"6":[0],"7":[0],"8":[0],"9":[0],"10":[0],"11":[13],"12":[0],"13":[0],"14":[0],"15":[0],"16":[0],"17":[0]},"fnMap":{"0":{"name":"formatTime","decl":{"start":{"line":26,"column":19},"end":{"line":31,"column":2}},"loc":{"start":{"line":26,"column":19},"end":{"line":31,"column":2}},"line":26},"1":{"name":"getProgressColor","decl":{"start":{"line":33,"column":25},"end":{"line":40,"column":2}},"loc":{"start":{"line":33,"column":25},"end":{"line":40,"column":2}},"line":33},"2":{"name":"CurrentlyPlaying","decl":{"start":{"line":42,"column":58},"end":{"line":143,"column":2}},"loc":{"start":{"line":42,"column":58},"end":{"line":143,"column":2}},"line":42},"3":{"name":"onChange","decl":{"start":{"line":113,"column":22},"end":{"line":113,"column":71}},"loc":{"start":{"line":113,"column":22},"end":{"line":113,"column":71}},"line":113}},"f":{"0":26,"1":13,"2":13,"3":0}}
,"/mnt/c/Users/Frandy/OneDrive/ATLAS/atlas-music-player/src/components/Footer.tsx": {"path":"/mnt/c/Users/Frandy/OneDrive/ATLAS/atlas-music-player/src/components/Footer.tsx","all":false,"statementMap":{"0":{"start":{"line":1,"column":0},"end":{"line":1,"column":40}},"2":{"start":{"line":3,"column":0},"end":{"line":3,"column":34}},"3":{"start":{"line":4,"column":0},"end":{"line":4,"column":40}},"4":{"start":{"line":5,"column":0},"end":{"line":5,"column":10}},"5":{"start":{"line":6,"column":0},"end":{"line":6,"column":45}},"9":{"start":{"line":10,"column":0},"end":{"line":10,"column":89}},"10":{"start":{"line":11,"column":0},"end":{"line":11,"column":47}},"11":{"start":{"line":12,"column":0},"end":{"line":12,"column":36}},"13":{"start":{"line":14,"column":0},"end":{"line":14,"column":12}},"14":{"start":{"line":15,"column":0},"end":{"line":15,"column":13}},"16":{"start":{"line":17,"column":0},"end":{"line":17,"column":1}}},"s":{"0":1,"2":23,"3":23,"4":23,"5":23,"9":23,"10":23,"11":23,"13":23,"14":23,"16":23},"branchMap":{"0":{"type":"branch","line":3,"loc":{"start":{"line":3,"column":0},"end":{"line":17,"column":1}},"locations":[{"start":{"line":3,"column":0},"end":{"line":17,"column":1}}]}},"b":{"0":[23]},"fnMap":{"0":{"name":"Footer","decl":{"start":{"line":3,"column":0},"end":{"line":17,"column":1}},"loc":{"start":{"line":3,"column":0},"end":{"line":17,"column":1}},"line":3}},"f":{"0":23}}
,"/mnt/c/Users/Frandy/OneDrive/ATLAS/atlas-music-player/src/components/LoadingSkeleton.tsx": {"path":"/mnt/c/Users/Frandy/OneDrive/ATLAS/atlas-music-player/src/components/LoadingSkeleton.tsx","all":false,"statementMap":{"3":{"start":{"line":4,"column":0},"end":{"line":4,"column":41}},"4":{"start":{"line":5,"column":0},"end":{"line":5,"column":10}},"5":{"start":{"line":6,"column":0},"end":{"line":6,"column":8}},"6":{"start":{"line":7,"column":0},"end":{"line":7,"column":52}},"7":{"start":{"line":8,"column":0},"end":{"line":8,"column":49}},"8":{"start":{"line":9,"column":0},"end":{"line":9,"column":17}},"10":{"start":{"line":11,"column":0},"end":{"line":11,"column":83}},"12":{"start":{"line":13,"column":0},"end":{"line":13,"column":87}},"14":{"start":{"line":15,"column":0},"end":{"line":15,"column":14}},"15":{"start":{"line":16,"column":0},"end":{"line":16,"column":85}},"18":{"start":{"line":19,"column":0},"end":{"line":19,"column":12}},"21":{"start":{"line":22,"column":0},"end":{"line":22,"column":73}},"22":{"start":{"line":23,"column":0},"end":{"line":23,"column":57}},"24":{"start":{"line":25,"column":0},"end":{"line":25,"column":83}},"25":{"start":{"line":26,"column":0},"end":{"line":26,"column":62}},"27":{"start":{"line":28,"column":0},"end":{"line":28,"column":83}},"28":{"start":{"line":29,"column":0},"end":{"line":29,"column":16}},"31":{"start":{"line":32,"column":0},"end":{"line":32,"column":66}},"32":{"start":{"line":33,"column":0},"end":{"line":33,"column":78}},"33":{"start":{"line":34,"column":0},"end":{"line":34,"column":46}},"35":{"start":{"line":36,"column":0},"end":{"line":36,"column":85}},"36":{"start":{"line":37,"column":0},"end":{"line":37,"column":47}},"38":{"start":{"line":39,"column":0},"end":{"line":39,"column":85}},"39":{"start":{"line":40,"column":0},"end":{"line":40,"column":18}},"41":{"start":{"line":42,"column":0},"end":{"line":42,"column":93}},"42":{"start":{"line":43,"column":0},"end":{"line":43,"column":65}},"44":{"start":{"line":45,"column":0},"end":{"line":45,"column":85}},"45":{"start":{"line":46,"column":0},"end":{"line":46,"column":18}},"46":{"start":{"line":47,"column":0},"end":{"line":47,"column":16}},"49":{"start":{"line":50,"column":0},"end":{"line":50,"column":66}},"50":{"start":{"line":51,"column":0},"end":{"line":51,"column":90}},"51":{"start":{"line":52,"column":0},"end":{"line":52,"column":44}},"52":{"start":{"line":53,"column":0},"end":{"line":53,"column":20}},"53":{"start":{"line":54,"column":0},"end":{"line":54,"column":25}},"54":{"start":{"line":55,"column":0},"end":{"line":55,"column":64}},"58":{"start":{"line":59,"column":0},"end":{"line":59,"column":18}},"59":{"start":{"line":60,"column":0},"end":{"line":60,"column":17}},"60":{"start":{"line":61,"column":0},"end":{"line":61,"column":18}},"61":{"start":{"line":62,"column":0},"end":{"line":62,"column":16}},"64":{"start":{"line":65,"column":0},"end":{"line":65,"column":66}},"65":{"start":{"line":66,"column":0},"end":{"line":66,"column":70}},"66":{"start":{"line":67,"column":0},"end":{"line":67,"column":43}},"69":{"start":{"line":70,"column":0},"end":{"line":70,"column":46}},"70":{"start":{"line":71,"column":0},"end":{"line":71,"column":18}},"71":{"start":{"line":72,"column":0},"end":{"line":72,"column":16}},"72":{"start":{"line":73,"column":0},"end":{"line":73,"column":14}},"75":{"start":{"line":76,"column":0},"end":{"line":76,"column":74}},"76":{"start":{"line":77,"column":0},"end":{"line":77,"column":71}},"77":{"start":{"line":78,"column":0},"end":{"line":78,"column":65}},"78":{"start":{"line":79,"column":0},"end":{"line":79,"column":55}},"79":{"start":{"line":80,"column":0},"end":{"line":80,"column":18}},"80":{"start":{"line":81,"column":0},"end":{"line":81,"column":23}},"81":{"start":{"line":82,"column":0},"end":{"line":82,"column":82}},"83":{"start":{"line":84,"column":0},"end":{"line":84,"column":50}},"84":{"start":{"line":85,"column":0},"end":{"line":85,"column":52}},"86":{"start":{"line":87,"column":0},"end":{"line":87,"column":89}},"87":{"start":{"line":88,"column":0},"end":{"line":88,"column":44}},"89":{"start":{"line":90,"column":0},"end":{"line":90,"column":90}},"90":{"start":{"line":91,"column":0},"end":{"line":91,"column":22}},"91":{"start":{"line":92,"column":0},"end":{"line":92,"column":57}},"92":{"start":{"line":93,"column":0},"end":{"line":93,"column":51}},"94":{"start":{"line":95,"column":0},"end":{"line":95,"column":89}},"95":{"start":{"line":96,"column":0},"end":{"line":96,"column":55}},"97":{"start":{"line":98,"column":0},"end":{"line":98,"column":86}},"98":{"start":{"line":99,"column":0},"end":{"line":99,"column":22}},"99":{"start":{"line":100,"column":0},"end":{"line":100,"column":20}},"100":{"start":{"line":101,"column":0},"end":{"line":101,"column":15}},"101":{"start":{"line":102,"column":0},"end":{"line":102,"column":16}},"102":{"start":{"line":103,"column":0},"end":{"line":103,"column":14}},"103":{"start":{"line":104,"column":0},"end":{"line":104,"column":12}},"104":{"start":{"line":105,"column":0},"end":{"line":105,"column":10}},"106":{"start":{"line":107,"column":0},"end":{"line":107,"column":2}},"108":{"start":{"line":109,"column":0},"end":{"line":109,"column":31}}},"s":{"3":1,"4":10,"5":10,"6":10,"7":10,"8":10,"10":10,"12":10,"14":10,"15":10,"18":10,"21":10,"22":10,"24":10,"25":10,"27":10,"28":10,"31":10,"32":10,"33":10,"35":10,"36":10,"38":10,"39":10,"41":10,"42":10,"44":10,"45":10,"46":10,"49":10,"50":10,"51":10,"52":50,"53":50,"54":50,"58":50,"59":10,"60":10,"61":10,"64":10,"65":10,"66":10,"69":10,"70":10,"71":10,"72":10,"75":10,"76":10,"77":10,"78":10,"79":100,"80":100,"81":100,"83":100,"84":100,"86":100,"87":100,"89":100,"90":100,"91":100,"92":100,"94":100,"95":100,"97":100,"98":100,"99":100,"100":10,"101":10,"102":10,"103":10,"104":10,"106":10,"108":1},"branchMap":{"0":{"type":"branch","line":4,"loc":{"start":{"line":4,"column":34},"end":{"line":107,"column":2}},"locations":[{"start":{"line":4,"column":34},"end":{"line":107,"column":2}}]},"1":{"type":"branch","line":52,"loc":{"start":{"line":52,"column":33},"end":{"line":59,"column":18}},"locations":[{"start":{"line":52,"column":33},"end":{"line":59,"column":18}}]},"2":{"type":"branch","line":79,"loc":{"start":{"line":79,"column":44},"end":{"line":100,"column":20}},"locations":[{"start":{"line":79,"column":44},"end":{"line":100,"column":20}}]}},"b":{"0":[10],"1":[50],"2":[100]},"fnMap":{"0":{"name":"LoadingSkeleton","decl":{"start":{"line":4,"column":34},"end":{"line":107,"column":2}},"loc":{"start":{"line":4,"column":34},"end":{"line":107,"column":2}},"line":4}},"f":{"0":10}}
,"/mnt/c/Users/Frandy/OneDrive/ATLAS/atlas-music-player/src/components/MusicPlayer.tsx": {"path":"/mnt/c/Users/Frandy/OneDrive/ATLAS/atlas-music-player/src/components/MusicPlayer.tsx","all":false,"statementMap":{"0":{"start":{"line":1,"column":0},"end":{"line":1,"column":44}},"1":{"start":{"line":2,"column":0},"end":{"line":2,"column":50}},"2":{"start":{"line":3,"column":0},"end":{"line":3,"column":34}},"3":{"start":{"line":4,"column":0},"end":{"line":4,"column":40}},"4":{"start":{"line":5,"column":0},"end":{"line":5,"column":52}},"5":{"start":{"line":6,"column":0},"end":{"line":6,"column":48}},"6":{"start":{"line":7,"column":0},"end":{"line":7,"column":30}},"19":{"start":{"line":20,"column":0},"end":{"line":20,"column":27}},"20":{"start":{"line":21,"column":0},"end":{"line":21,"column":68}},"21":{"start":{"line":22,"column":0},"end":{"line":22,"column":52}},"22":{"start":{"line":23,"column":0},"end":{"line":23,"column":43}},"23":{"start":{"line":24,"column":0},"end":{"line":24,"column":56}},"24":{"start":{"line":25,"column":0},"end":{"line":25,"column":55}},"25":{"start":{"line":26,"column":0},"end":{"line":26,"column":48}},"26":{"start":{"line":27,"column":0},"end":{"line":27,"column":46}},"27":{"start":{"line":28,"column":0},"end":{"line":28,"column":46}},"28":{"start":{"line":29,"column":0},"end":{"line":29,"column":51}},"29":{"start":{"line":30,"column":0},"end":{"line":30,"column":54}},"32":{"start":{"line":33,"column":0},"end":{"line":33,"column":19}},"33":{"start":{"line":34,"column":0},"end":{"line":34,"column":62}},"34":{"start":{"line":35,"column":0},"end":{"line":35,"column":20}},"35":{"start":{"line":36,"column":0},"end":{"line":36,"column":51}},"36":{"start":{"line":37,"column":0},"end":{"line":37,"column":31}},"37":{"start":{"line":38,"column":0},"end":{"line":38,"column":5}},"38":{"start":{"line":39,"column":0},"end":{"line":39,"column":9}},"41":{"start":{"line":42,"column":0},"end":{"line":42,"column":57}},"42":{"start":{"line":43,"column":0},"end":{"line":43,"column":9}},"43":{"start":{"line":44,"column":0},"end":{"line":44,"column":57}},"44":{"start":{"line":45,"column":0},"end":{"line":45,"column":49}},"45":{"start":{"line":46,"column":0},"end":{"line":46,"column":34}},"46":{"start":{"line":47,"column":0},"end":{"line":47,"column":25}},"47":{"start":{"line":48,"column":0},"end":{"line":48,"column":26}},"48":{"start":{"line":49,"column":0},"end":{"line":49,"column":75}},"49":{"start":{"line":50,"column":0},"end":{"line":50,"column":21}},"50":{"start":{"line":51,"column":0},"end":{"line":51,"column":59}},"51":{"start":{"line":52,"column":0},"end":{"line":52,"column":5}},"52":{"start":{"line":53,"column":0},"end":{"line":53,"column":4}},"55":{"start":{"line":56,"column":0},"end":{"line":56,"column":19}},"56":{"start":{"line":57,"column":0},"end":{"line":57,"column":23}},"57":{"start":{"line":58,"column":0},"end":{"line":58,"column":29}},"58":{"start":{"line":59,"column":0},"end":{"line":59,"column":32}},"59":{"start":{"line":60,"column":0},"end":{"line":60,"column":23}},"60":{"start":{"line":61,"column":0},"end":{"line":61,"column":26}},"62":{"start":{"line":63,"column":0},"end":{"line":63,"column":66}},"63":{"start":{"line":64,"column":0},"end":{"line":64,"column":44}},"65":{"start":{"line":66,"column":0},"end":{"line":66,"column":42}},"66":{"start":{"line":67,"column":0},"end":{"line":67,"column":9}},"68":{"start":{"line":69,"column":0},"end":{"line":69,"column":26}},"69":{"start":{"line":70,"column":0},"end":{"line":70,"column":30}},"70":{"start":{"line":71,"column":0},"end":{"line":71,"column":17}},"71":{"start":{"line":72,"column":0},"end":{"line":72,"column":8}},"72":{"start":{"line":73,"column":0},"end":{"line":73,"column":25}},"73":{"start":{"line":74,"column":0},"end":{"line":74,"column":57}},"74":{"start":{"line":75,"column":0},"end":{"line":75,"column":28}},"75":{"start":{"line":76,"column":0},"end":{"line":76,"column":9}},"76":{"start":{"line":77,"column":0},"end":{"line":77,"column":9}},"79":{"start":{"line":80,"column":0},"end":{"line":80,"column":34}},"80":{"start":{"line":81,"column":0},"end":{"line":81,"column":22}},"81":{"start":{"line":82,"column":0},"end":{"line":82,"column":31}},"82":{"start":{"line":83,"column":0},"end":{"line":83,"column":5}},"83":{"start":{"line":84,"column":0},"end":{"line":84,"column":4}},"86":{"start":{"line":87,"column":0},"end":{"line":87,"column":32}},"87":{"start":{"line":88,"column":0},"end":{"line":88,"column":54}},"88":{"start":{"line":89,"column":0},"end":{"line":89,"column":18}},"89":{"start":{"line":90,"column":0},"end":{"line":90,"column":82}},"90":{"start":{"line":91,"column":0},"end":{"line":91,"column":18}},"91":{"start":{"line":92,"column":0},"end":{"line":92,"column":22}},"92":{"start":{"line":93,"column":0},"end":{"line":93,"column":10}},"93":{"start":{"line":94,"column":0},"end":{"line":94,"column":66}},"94":{"start":{"line":95,"column":0},"end":{"line":95,"column":45}},"95":{"start":{"line":96,"column":0},"end":{"line":96,"column":30}},"96":{"start":{"line":97,"column":0},"end":{"line":97,"column":12}},"97":{"start":{"line":98,"column":0},"end":{"line":98,"column":55}},"98":{"start":{"line":99,"column":0},"end":{"line":99,"column":5}},"99":{"start":{"line":100,"column":0},"end":{"line":100,"column":48}},"100":{"start":{"line":101,"column":0},"end":{"line":101,"column":4}},"103":{"start":{"line":104,"column":0},"end":{"line":104,"column":32}},"104":{"start":{"line":105,"column":0},"end":{"line":105,"column":54}},"105":{"start":{"line":106,"column":0},"end":{"line":106,"column":18}},"106":{"start":{"line":107,"column":0},"end":{"line":107,"column":82}},"107":{"start":{"line":108,"column":0},"end":{"line":108,"column":18}},"108":{"start":{"line":109,"column":0},"end":{"line":109,"column":22}},"109":{"start":{"line":110,"column":0},"end":{"line":110,"column":10}},"110":{"start":{"line":111,"column":0},"end":{"line":111,"column":66}},"111":{"start":{"line":112,"column":0},"end":{"line":112,"column":45}},"112":{"start":{"line":113,"column":0},"end":{"line":113,"column":30}},"113":{"start":{"line":114,"column":0},"end":{"line":114,"column":12}},"114":{"start":{"line":115,"column":0},"end":{"line":115,"column":73}},"115":{"start":{"line":116,"column":0},"end":{"line":116,"column":5}},"116":{"start":{"line":117,"column":0},"end":{"line":117,"column":48}},"117":{"start":{"line":118,"column":0},"end":{"line":118,"column":4}},"120":{"start":{"line":121,"column":0},"end":{"line":121,"column":40}},"121":{"start":{"line":122,"column":0},"end":{"line":122,"column":22}},"122":{"start":{"line":123,"column":0},"end":{"line":123,"column":4}},"125":{"start":{"line":126,"column":0},"end":{"line":126,"column":43}},"126":{"start":{"line":127,"column":0},"end":{"line":127,"column":79}},"127":{"start":{"line":128,"column":0},"end":{"line":128,"column":31}},"128":{"start":{"line":129,"column":0},"end":{"line":129,"column":4}},"131":{"start":{"line":132,"column":0},"end":{"line":132,"column":60}},"132":{"start":{"line":133,"column":0},"end":{"line":133,"column":46}},"133":{"start":{"line":134,"column":0},"end":{"line":134,"column":31}},"134":{"start":{"line":135,"column":0},"end":{"line":135,"column":12}},"135":{"start":{"line":136,"column":0},"end":{"line":136,"column":43}},"136":{"start":{"line":137,"column":0},"end":{"line":137,"column":5}},"137":{"start":{"line":138,"column":0},"end":{"line":138,"column":4}},"139":{"start":{"line":140,"column":0},"end":{"line":140,"column":10}},"140":{"start":{"line":141,"column":0},"end":{"line":141,"column":78}},"141":{"start":{"line":142,"column":0},"end":{"line":142,"column":108}},"142":{"start":{"line":143,"column":0},"end":{"line":143,"column":22}},"143":{"start":{"line":144,"column":0},"end":{"line":144,"column":29}},"145":{"start":{"line":146,"column":0},"end":{"line":146,"column":12}},"146":{"start":{"line":147,"column":0},"end":{"line":147,"column":50}},"147":{"start":{"line":148,"column":0},"end":{"line":148,"column":31}},"148":{"start":{"line":149,"column":0},"end":{"line":149,"column":60}},"149":{"start":{"line":150,"column":0},"end":{"line":150,"column":61}},"150":{"start":{"line":151,"column":0},"end":{"line":151,"column":50}},"151":{"start":{"line":152,"column":0},"end":{"line":152,"column":37}},"152":{"start":{"line":153,"column":0},"end":{"line":153,"column":47}},"153":{"start":{"line":154,"column":0},"end":{"line":154,"column":39}},"154":{"start":{"line":155,"column":0},"end":{"line":155,"column":39}},"155":{"start":{"line":156,"column":0},"end":{"line":156,"column":60}},"156":{"start":{"line":157,"column":0},"end":{"line":157,"column":42}},"157":{"start":{"line":158,"column":0},"end":{"line":158,"column":35}},"158":{"start":{"line":159,"column":0},"end":{"line":159,"column":35}},"159":{"start":{"line":160,"column":0},"end":{"line":160,"column":35}},"160":{"start":{"line":161,"column":0},"end":{"line":161,"column":39}},"161":{"start":{"line":162,"column":0},"end":{"line":162,"column":65}},"162":{"start":{"line":163,"column":0},"end":{"line":163,"column":45}},"163":{"start":{"line":164,"column":0},"end":{"line":164,"column":39}},"164":{"start":{"line":165,"column":0},"end":{"line":165,"column":65}},"165":{"start":{"line":166,"column":0},"end":{"line":166,"column":50}},"166":{"start":{"line":167,"column":0},"end":{"line":167,"column":16}},"167":{"start":{"line":168,"column":0},"end":{"line":168,"column":18}},"169":{"start":{"line":170,"column":0},"end":{"line":170,"column":50}},"170":{"start":{"line":171,"column":0},"end":{"line":171,"column":23}},"171":{"start":{"line":172,"column":0},"end":{"line":172,"column":55}},"172":{"start":{"line":173,"column":0},"end":{"line":173,"column":53}},"173":{"start":{"line":174,"column":0},"end":{"line":174,"column":37}},"174":{"start":{"line":175,"column":0},"end":{"line":175,"column":16}},"175":{"start":{"line":176,"column":0},"end":{"line":176,"column":18}},"177":{"start":{"line":178,"column":0},"end":{"line":178,"column":49}},"178":{"start":{"line":179,"column":0},"end":{"line":179,"column":26}},"179":{"start":{"line":180,"column":0},"end":{"line":180,"column":38}},"180":{"start":{"line":181,"column":0},"end":{"line":181,"column":37}},"181":{"start":{"line":182,"column":0},"end":{"line":182,"column":31}},"182":{"start":{"line":183,"column":0},"end":{"line":183,"column":45}},"183":{"start":{"line":184,"column":0},"end":{"line":184,"column":47}},"184":{"start":{"line":185,"column":0},"end":{"line":185,"column":39}},"185":{"start":{"line":186,"column":0},"end":{"line":186,"column":59}},"186":{"start":{"line":187,"column":0},"end":{"line":187,"column":40}},"187":{"start":{"line":188,"column":0},"end":{"line":188,"column":40}},"188":{"start":{"line":189,"column":0},"end":{"line":189,"column":18}},"189":{"start":{"line":190,"column":0},"end":{"line":190,"column":35}},"190":{"start":{"line":191,"column":0},"end":{"line":191,"column":16}},"192":{"start":{"line":193,"column":0},"end":{"line":193,"column":13}},"194":{"start":{"line":195,"column":0},"end":{"line":195,"column":12}},"195":{"start":{"line":196,"column":0},"end":{"line":196,"column":16}},"196":{"start":{"line":197,"column":0},"end":{"line":197,"column":10}},"198":{"start":{"line":199,"column":0},"end":{"line":199,"column":2}},"200":{"start":{"line":201,"column":0},"end":{"line":201,"column":27}}},"s":{"0":1,"1":1,"2":1,"3":1,"4":1,"5":1,"6":1,"19":1,"20":23,"21":23,"22":23,"23":23,"24":23,"25":23,"26":23,"27":23,"28":23,"29":23,"32":23,"33":5,"34":5,"35":0,"36":0,"37":0,"38":23,"41":23,"42":8,"43":8,"44":8,"45":8,"46":8,"47":8,"48":8,"49":8,"50":0,"51":0,"52":8,"55":23,"56":5,"57":5,"58":5,"59":5,"60":5,"62":5,"63":5,"65":5,"66":5,"68":5,"69":5,"70":5,"71":5,"72":5,"73":0,"74":0,"75":5,"76":23,"79":23,"80":2,"81":2,"82":2,"83":2,"86":23,"87":2,"88":2,"89":2,"90":2,"91":0,"92":0,"93":0,"94":0,"95":0,"96":2,"97":2,"98":2,"99":2,"100":2,"103":23,"104":1,"105":1,"106":1,"107":1,"108":0,"109":0,"110":0,"111":0,"112":0,"113":1,"114":1,"115":1,"116":1,"117":1,"120":23,"121":0,"122":0,"125":23,"126":3,"127":3,"128":3,"131":23,"132":0,"133":0,"134":0,"135":0,"136":0,"137":0,"139":23,"140":23,"141":23,"142":23,"143":10,"145":13,"146":13,"147":13,"148":13,"149":13,"150":13,"151":13,"152":13,"153":13,"154":13,"155":13,"156":13,"157":13,"158":13,"159":13,"160":13,"161":13,"162":13,"163":13,"164":13,"165":13,"166":13,"167":13,"169":13,"170":13,"171":13,"172":13,"173":13,"174":13,"175":13,"177":13,"178":13,"179":13,"180":13,"181":13,"182":13,"183":13,"184":13,"185":13,"186":0,"187":0,"188":0,"189":13,"190":13,"192":13,"194":23,"195":23,"196":23,"198":23,"200":1},"branchMap":{"0":{"type":"branch","line":20,"loc":{"start":{"line":20,"column":20},"end":{"line":199,"column":2}},"locations":[{"start":{"line":20,"column":20},"end":{"line":199,"column":2}}]},"1":{"type":"branch","line":143,"loc":{"start":{"line":143,"column":9},"end":{"line":144,"column":29}},"locations":[{"start":{"line":143,"column":9},"end":{"line":144,"column":29}}]},"2":{"type":"branch","line":144,"loc":{"start":{"line":144,"column":27},"end":{"line":193,"column":13}},"locations":[{"start":{"line":144,"column":27},"end":{"line":193,"column":13}}]},"3":{"type":"branch","line":149,"loc":{"start":{"line":149,"column":39},"end":{"line":149,"column":60}},"locations":[{"start":{"line":149,"column":39},"end":{"line":149,"column":60}}]},"4":{"type":"branch","line":150,"loc":{"start":{"line":150,"column":36},"end":{"line":150,"column":61}},"locations":[{"start":{"line":150,"column":36},"end":{"line":150,"column":61}}]},"5":{"type":"branch","line":151,"loc":{"start":{"line":151,"column":37},"end":{"line":151,"column":50}},"locations":[{"start":{"line":151,"column":37},"end":{"line":151,"column":50}}]},"6":{"type":"branch","line":166,"loc":{"start":{"line":166,"column":37},"end":{"line":166,"column":50}},"locations":[{"start":{"line":166,"column":37},"end":{"line":166,"column":50}}]},"7":{"type":"branch","line":173,"loc":{"start":{"line":173,"column":44},"end":{"line":173,"column":53}},"locations":[{"start":{"line":173,"column":44},"end":{"line":173,"column":53}}]},"8":{"type":"branch","line":33,"loc":{"start":{"line":33,"column":12},"end":{"line":39,"column":5}},"locations":[{"start":{"line":33,"column":12},"end":{"line":39,"column":5}}]},"9":{"type":"branch","line":35,"loc":{"start":{"line":35,"column":19},"end":{"line":38,"column":5}},"locations":[{"start":{"line":35,"column":19},"end":{"line":38,"column":5}}]},"10":{"type":"branch","line":42,"loc":{"start":{"line":42,"column":30},"end":{"line":53,"column":4}},"locations":[{"start":{"line":42,"column":30},"end":{"line":53,"column":4}}]},"11":{"type":"branch","line":50,"loc":{"start":{"line":50,"column":4},"end":{"line":52,"column":5}},"locations":[{"start":{"line":50,"column":4},"end":{"line":52,"column":5}}]},"12":{"type":"branch","line":56,"loc":{"start":{"line":56,"column":12},"end":{"line":77,"column":5}},"locations":[{"start":{"line":56,"column":12},"end":{"line":77,"column":5}}]},"13":{"type":"branch","line":59,"loc":{"start":{"line":59,"column":12},"end":{"line":59,"column":31}},"locations":[{"start":{"line":59,"column":12},"end":{"line":59,"column":31}}]},"14":{"type":"branch","line":60,"loc":{"start":{"line":60,"column":12},"end":{"line":72,"column":7}},"locations":[{"start":{"line":60,"column":12},"end":{"line":72,"column":7}}]},"15":{"type":"branch","line":69,"loc":{"start":{"line":69,"column":19},"end":{"line":71,"column":11}},"locations":[{"start":{"line":69,"column":19},"end":{"line":71,"column":11}}]},"16":{"type":"branch","line":80,"loc":{"start":{"line":80,"column":27},"end":{"line":84,"column":4}},"locations":[{"start":{"line":80,"column":27},"end":{"line":84,"column":4}}]},"17":{"type":"branch","line":87,"loc":{"start":{"line":87,"column":25},"end":{"line":101,"column":4}},"locations":[{"start":{"line":87,"column":25},"end":{"line":101,"column":4}}]},"18":{"type":"branch","line":88,"loc":{"start":{"line":88,"column":47},"end":{"line":88,"column":54}},"locations":[{"start":{"line":88,"column":47},"end":{"line":88,"column":54}}]},"19":{"type":"branch","line":91,"loc":{"start":{"line":91,"column":17},"end":{"line":97,"column":11}},"locations":[{"start":{"line":91,"column":17},"end":{"line":97,"column":11}}]},"20":{"type":"branch","line":90,"loc":{"start":{"line":90,"column":44},"end":{"line":90,"column":80}},"locations":[{"start":{"line":90,"column":44},"end":{"line":90,"column":80}}]},"21":{"type":"branch","line":104,"loc":{"start":{"line":104,"column":25},"end":{"line":118,"column":4}},"locations":[{"start":{"line":104,"column":25},"end":{"line":118,"column":4}}]},"22":{"type":"branch","line":105,"loc":{"start":{"line":105,"column":47},"end":{"line":105,"column":54}},"locations":[{"start":{"line":105,"column":47},"end":{"line":105,"column":54}}]},"23":{"type":"branch","line":108,"loc":{"start":{"line":108,"column":17},"end":{"line":114,"column":11}},"locations":[{"start":{"line":108,"column":17},"end":{"line":114,"column":11}}]},"24":{"type":"branch","line":107,"loc":{"start":{"line":107,"column":44},"end":{"line":107,"column":80}},"locations":[{"start":{"line":107,"column":44},"end":{"line":107,"column":80}}]},"25":{"type":"branch","line":126,"loc":{"start":{"line":126,"column":36},"end":{"line":129,"column":4}},"locations":[{"start":{"line":126,"column":36},"end":{"line":129,"column":4}}]},"26":{"type":"branch","line":127,"loc":{"start":{"line":127,"column":39},"end":{"line":127,"column":49}},"locations":[{"start":{"line":127,"column":39},"end":{"line":127,"column":49}}]},"27":{"type":"branch","line":127,"loc":{"start":{"line":127,"column":45},"end":{"line":127,"column":79}},"locations":[{"start":{"line":127,"column":45},"end":{"line":127,"column":79}}]},"28":{"type":"branch","line":127,"loc":{"start":{"line":127,"column":67},"end":{"line":127,"column":75}},"locations":[{"start":{"line":127,"column":67},"end":{"line":127,"column":75}}]},"29":{"type":"branch","line":127,"loc":{"start":{"line":127,"column":71},"end":{"line":127,"column":79}},"locations":[{"start":{"line":127,"column":71},"end":{"line":127,"column":79}}]}},"b":{"0":[23],"1":[10],"2":[13],"3":[0],"4":[0],"5":[0],"6":[0],"7":[0],"8":[5],"9":[0],"10":[8],"11":[0],"12":[5],"13":[5],"14":[5],"15":[5],"16":[2],"17":[2],"18":[0],"19":[0],"20":[2],"21":[1],"22":[0],"23":[0],"24":[2],"25":[3],"26":[1],"27":[2],"28":[1],"29":[1]},"fnMap":{"0":{"name":"MusicPlayer","decl":{"start":{"line":20,"column":20},"end":{"line":199,"column":2}},"loc":{"start":{"line":20,"column":20},"end":{"line":199,"column":2}},"line":20},"1":{"name":"handleSongSelection","decl":{"start":{"line":42,"column":30},"end":{"line":53,"column":4}},"loc":{"start":{"line":42,"column":30},"end":{"line":53,"column":4}},"line":42},"2":{"name":"handlePlayToggle","decl":{"start":{"line":80,"column":27},"end":{"line":84,"column":4}},"loc":{"start":{"line":80,"column":27},"end":{"line":84,"column":4}},"line":80},"3":{"name":"handleNextSong","decl":{"start":{"line":87,"column":25},"end":{"line":101,"column":4}},"loc":{"start":{"line":87,"column":25},"end":{"line":101,"column":4}},"line":87},"4":{"name":"handlePrevSong","decl":{"start":{"line":104,"column":25},"end":{"line":118,"column":4}},"loc":{"start":{"line":104,"column":25},"end":{"line":118,"column":4}},"line":104},"5":{"name":"handleSeek","decl":{"start":{"line":121,"column":21},"end":{"line":123,"column":4}},"loc":{"start":{"line":121,"column":21},"end":{"line":123,"column":4}},"line":121},"6":{"name":"handlePlaybackSpeedChange","decl":{"start":{"line":126,"column":36},"end":{"line":129,"column":4}},"loc":{"start":{"line":126,"column":36},"end":{"line":129,"column":4}},"line":126},"7":{"name":"handlePlaylistPlayToggle","decl":{"start":{"line":132,"column":35},"end":{"line":138,"column":4}},"loc":{"start":{"line":132,"column":35},"end":{"line":138,"column":4}},"line":132},"8":{"name":"onShuffleToggle","decl":{"start":{"line":156,"column":33},"end":{"line":156,"column":60}},"loc":{"start":{"line":156,"column":33},"end":{"line":156,"column":60}},"line":156},"9":{"name":"onLyricsToggle","decl":{"start":{"line":165,"column":32},"end":{"line":165,"column":65}},"loc":{"start":{"line":165,"column":32},"end":{"line":165,"column":65}},"line":165},"10":{"name":"onProgressUpdate","decl":{"start":{"line":186,"column":34},"end":{"line":189,"column":18}},"loc":{"start":{"line":186,"column":34},"end":{"line":189,"column":18}},"line":186}},"f":{"0":23,"1":8,"2":2,"3":2,"4":1,"5":0,"6":3,"7":0,"8":0,"9":0,"10":0}}
,"/mnt/c/Users/Frandy/OneDrive/ATLAS/atlas-music-player/src/components/PlayControls.tsx": {"path":"/mnt/c/Users/Frandy/OneDrive/ATLAS/atlas-music-player/src/components/PlayControls.tsx","all":false,"statementMap":{"0":{"start":{"line":1,"column":0},"end":{"line":1,"column":33}},"1":{"start":{"line":2,"column":0},"end":{"line":2,"column":75}},"12":{"start":{"line":13,"column":0},"end":{"line":13,"column":52}},"13":{"start":{"line":14,"column":0},"end":{"line":14,"column":12}},"14":{"start":{"line":15,"column":0},"end":{"line":15,"column":15}},"15":{"start":{"line":16,"column":0},"end":{"line":16,"column":9}},"16":{"start":{"line":17,"column":0},"end":{"line":17,"column":9}},"17":{"start":{"line":18,"column":0},"end":{"line":18,"column":18}},"18":{"start":{"line":19,"column":0},"end":{"line":19,"column":24}},"19":{"start":{"line":20,"column":0},"end":{"line":20,"column":7}},"20":{"start":{"line":21,"column":0},"end":{"line":21,"column":40}},"21":{"start":{"line":22,"column":0},"end":{"line":22,"column":56}},"23":{"start":{"line":24,"column":0},"end":{"line":24,"column":35}},"24":{"start":{"line":25,"column":0},"end":{"line":25,"column":63}},"25":{"start":{"line":26,"column":0},"end":{"line":26,"column":23}},"26":{"start":{"line":27,"column":0},"end":{"line":27,"column":38}},"27":{"start":{"line":28,"column":0},"end":{"line":28,"column":4}},"29":{"start":{"line":30,"column":0},"end":{"line":30,"column":37}},"30":{"start":{"line":31,"column":0},"end":{"line":31,"column":30}},"31":{"start":{"line":32,"column":0},"end":{"line":32,"column":22}},"32":{"start":{"line":33,"column":0},"end":{"line":33,"column":4}},"34":{"start":{"line":35,"column":0},"end":{"line":35,"column":10}},"35":{"start":{"line":36,"column":0},"end":{"line":36,"column":28}},"36":{"start":{"line":37,"column":0},"end":{"line":37,"column":84}},"38":{"start":{"line":39,"column":0},"end":{"line":39,"column":44}},"39":{"start":{"line":40,"column":0},"end":{"line":40,"column":17}},"40":{"start":{"line":41,"column":0},"end":{"line":41,"column":123}},"41":{"start":{"line":42,"column":0},"end":{"line":42,"column":39}},"42":{"start":{"line":43,"column":0},"end":{"line":43,"column":37}},"44":{"start":{"line":45,"column":0},"end":{"line":45,"column":20}},"45":{"start":{"line":46,"column":0},"end":{"line":46,"column":19}},"46":{"start":{"line":47,"column":0},"end":{"line":47,"column":14}},"49":{"start":{"line":50,"column":0},"end":{"line":50,"column":44}},"50":{"start":{"line":51,"column":0},"end":{"line":51,"column":17}},"51":{"start":{"line":52,"column":0},"end":{"line":52,"column":100}},"52":{"start":{"line":53,"column":0},"end":{"line":53,"column":28}},"53":{"start":{"line":54,"column":0},"end":{"line":54,"column":33}},"55":{"start":{"line":56,"column":0},"end":{"line":56,"column":54}},"56":{"start":{"line":57,"column":0},"end":{"line":57,"column":19}},"57":{"start":{"line":58,"column":0},"end":{"line":58,"column":14}},"60":{"start":{"line":61,"column":0},"end":{"line":61,"column":45}},"61":{"start":{"line":62,"column":0},"end":{"line":62,"column":17}},"62":{"start":{"line":63,"column":0},"end":{"line":63,"column":162}},"63":{"start":{"line":64,"column":0},"end":{"line":64,"column":34}},"64":{"start":{"line":65,"column":0},"end":{"line":65,"column":35}},"66":{"start":{"line":67,"column":0},"end":{"line":67,"column":26}},"67":{"start":{"line":68,"column":0},"end":{"line":68,"column":72}},"69":{"start":{"line":70,"column":0},"end":{"line":70,"column":75}},"71":{"start":{"line":72,"column":0},"end":{"line":72,"column":19}},"72":{"start":{"line":73,"column":0},"end":{"line":73,"column":14}},"75":{"start":{"line":76,"column":0},"end":{"line":76,"column":42}},"76":{"start":{"line":77,"column":0},"end":{"line":77,"column":17}},"77":{"start":{"line":78,"column":0},"end":{"line":78,"column":100}},"78":{"start":{"line":79,"column":0},"end":{"line":79,"column":28}},"79":{"start":{"line":80,"column":0},"end":{"line":80,"column":29}},"81":{"start":{"line":82,"column":0},"end":{"line":82,"column":57}},"82":{"start":{"line":83,"column":0},"end":{"line":83,"column":19}},"83":{"start":{"line":84,"column":0},"end":{"line":84,"column":14}},"86":{"start":{"line":87,"column":0},"end":{"line":87,"column":42}},"87":{"start":{"line":88,"column":0},"end":{"line":88,"column":17}},"88":{"start":{"line":89,"column":0},"end":{"line":89,"column":60}},"89":{"start":{"line":90,"column":0},"end":{"line":90,"column":25}},"90":{"start":{"line":91,"column":0},"end":{"line":91,"column":106}},"91":{"start":{"line":92,"column":0},"end":{"line":92,"column":105}},"92":{"start":{"line":93,"column":0},"end":{"line":93,"column":15}},"93":{"start":{"line":94,"column":0},"end":{"line":94,"column":41}},"94":{"start":{"line":95,"column":0},"end":{"line":95,"column":32}},"96":{"start":{"line":97,"column":0},"end":{"line":97,"column":33}},"97":{"start":{"line":98,"column":0},"end":{"line":98,"column":19}},"98":{"start":{"line":99,"column":0},"end":{"line":99,"column":14}},"99":{"start":{"line":100,"column":0},"end":{"line":100,"column":12}},"100":{"start":{"line":101,"column":0},"end":{"line":101,"column":10}},"102":{"start":{"line":103,"column":0},"end":{"line":103,"column":2}},"104":{"start":{"line":105,"column":0},"end":{"line":105,"column":28}}},"s":{"0":1,"1":1,"12":1,"13":13,"14":13,"15":13,"16":13,"17":13,"18":13,"19":13,"20":13,"21":13,"23":13,"24":3,"25":3,"26":3,"27":3,"29":13,"30":0,"31":0,"32":0,"34":13,"35":13,"36":13,"38":13,"39":13,"40":13,"41":13,"42":13,"44":13,"45":13,"46":13,"49":13,"50":13,"51":13,"52":13,"53":13,"55":13,"56":13,"57":13,"60":13,"61":13,"62":13,"63":13,"64":13,"66":13,"67":12,"69":1,"71":13,"72":13,"75":13,"76":13,"77":13,"78":13,"79":13,"81":13,"82":13,"83":13,"86":13,"87":13,"88":13,"89":13,"90":0,"91":13,"92":13,"93":13,"94":13,"96":13,"97":13,"98":13,"99":13,"100":13,"102":13,"104":1},"branchMap":{"0":{"type":"branch","line":13,"loc":{"start":{"line":13,"column":50},"end":{"line":103,"column":2}},"locations":[{"start":{"line":13,"column":50},"end":{"line":103,"column":2}}]},"1":{"type":"branch","line":67,"loc":{"start":{"line":67,"column":13},"end":{"line":68,"column":72}},"locations":[{"start":{"line":67,"column":13},"end":{"line":68,"column":72}}]},"2":{"type":"branch","line":68,"loc":{"start":{"line":68,"column":70},"end":{"line":70,"column":75}},"locations":[{"start":{"line":68,"column":70},"end":{"line":70,"column":75}}]},"3":{"type":"branch","line":90,"loc":{"start":{"line":90,"column":14},"end":{"line":91,"column":106}},"locations":[{"start":{"line":90,"column":14},"end":{"line":91,"column":106}}]},"4":{"type":"branch","line":24,"loc":{"start":{"line":24,"column":28},"end":{"line":28,"column":4}},"locations":[{"start":{"line":24,"column":28},"end":{"line":28,"column":4}}]},"5":{"type":"branch","line":25,"loc":{"start":{"line":25,"column":31},"end":{"line":25,"column":41}},"locations":[{"start":{"line":25,"column":31},"end":{"line":25,"column":41}}]},"6":{"type":"branch","line":25,"loc":{"start":{"line":25,"column":37},"end":{"line":25,"column":63}},"locations":[{"start":{"line":25,"column":37},"end":{"line":25,"column":63}}]},"7":{"type":"branch","line":25,"loc":{"start":{"line":25,"column":51},"end":{"line":25,"column":59}},"locations":[{"start":{"line":25,"column":51},"end":{"line":25,"column":59}}]},"8":{"type":"branch","line":25,"loc":{"start":{"line":25,"column":55},"end":{"line":25,"column":63}},"locations":[{"start":{"line":25,"column":55},"end":{"line":25,"column":63}}]}},"b":{"0":[13],"1":[12],"2":[1],"3":[0],"4":[3],"5":[1],"6":[2],"7":[1],"8":[1]},"fnMap":{"0":{"name":"PlayControls","decl":{"start":{"line":13,"column":50},"end":{"line":103,"column":2}},"loc":{"start":{"line":13,"column":50},"end":{"line":103,"column":2}},"line":13},"1":{"name":"handleSpeedChange","decl":{"start":{"line":24,"column":28},"end":{"line":28,"column":4}},"loc":{"start":{"line":24,"column":28},"end":{"line":28,"column":4}},"line":24},"2":{"name":"handleShuffleToggle","decl":{"start":{"line":30,"column":30},"end":{"line":33,"column":4}},"loc":{"start":{"line":30,"column":30},"end":{"line":33,"column":4}},"line":30}},"f":{"0":13,"1":3,"2":0}}
,"/mnt/c/Users/Frandy/OneDrive/ATLAS/atlas-music-player/src/components/PlayListItem.tsx": {"path":"/mnt/c/Users/Frandy/OneDrive/ATLAS/atlas-music-player/src/components/PlayListItem.tsx","all":false,"statementMap":{"0":{"start":{"line":1,"column":0},"end":{"line":1,"column":43}},"11":{"start":{"line":12,"column":0},"end":{"line":12,"column":52}},"12":{"start":{"line":13,"column":0},"end":{"line":13,"column":8}},"13":{"start":{"line":14,"column":0},"end":{"line":14,"column":9}},"14":{"start":{"line":15,"column":0},"end":{"line":15,"column":11}},"15":{"start":{"line":16,"column":0},"end":{"line":16,"column":12}},"16":{"start":{"line":17,"column":0},"end":{"line":17,"column":11}},"17":{"start":{"line":18,"column":0},"end":{"line":18,"column":10}},"18":{"start":{"line":19,"column":0},"end":{"line":19,"column":7}},"20":{"start":{"line":21,"column":0},"end":{"line":21,"column":10}},"21":{"start":{"line":22,"column":0},"end":{"line":22,"column":8}},"22":{"start":{"line":23,"column":0},"end":{"line":23,"column":108}},"23":{"start":{"line":24,"column":0},"end":{"line":24,"column":148}},"24":{"start":{"line":25,"column":0},"end":{"line":25,"column":71}},"25":{"start":{"line":26,"column":0},"end":{"line":26,"column":23}},"27":{"start":{"line":28,"column":0},"end":{"line":28,"column":11}},"28":{"start":{"line":29,"column":0},"end":{"line":29,"column":58}},"29":{"start":{"line":30,"column":0},"end":{"line":30,"column":121}},"30":{"start":{"line":31,"column":0},"end":{"line":31,"column":18}},"31":{"start":{"line":32,"column":0},"end":{"line":32,"column":12}},"32":{"start":{"line":33,"column":0},"end":{"line":33,"column":12}},"34":{"start":{"line":35,"column":0},"end":{"line":35,"column":47}},"35":{"start":{"line":36,"column":0},"end":{"line":36,"column":45}},"36":{"start":{"line":37,"column":0},"end":{"line":37,"column":68}},"37":{"start":{"line":38,"column":0},"end":{"line":38,"column":64}},"38":{"start":{"line":39,"column":0},"end":{"line":39,"column":17}},"39":{"start":{"line":40,"column":0},"end":{"line":40,"column":12}},"40":{"start":{"line":41,"column":0},"end":{"line":41,"column":10}},"43":{"start":{"line":44,"column":0},"end":{"line":44,"column":2}},"45":{"start":{"line":46,"column":0},"end":{"line":46,"column":28}}},"s":{"0":1,"11":1,"12":36,"13":36,"14":36,"15":36,"16":36,"17":36,"18":36,"20":36,"21":36,"22":36,"23":36,"24":36,"25":36,"27":36,"28":36,"29":36,"30":36,"31":36,"32":36,"34":36,"35":36,"36":36,"37":36,"38":36,"39":36,"40":36,"43":36,"45":1},"branchMap":{"0":{"type":"branch","line":12,"loc":{"start":{"line":12,"column":50},"end":{"line":44,"column":2}},"locations":[{"start":{"line":12,"column":50},"end":{"line":44,"column":2}}]},"1":{"type":"branch","line":24,"loc":{"start":{"line":24,"column":8},"end":{"line":24,"column":84}},"locations":[{"start":{"line":24,"column":8},"end":{"line":24,"column":84}}]},"2":{"type":"branch","line":24,"loc":{"start":{"line":24,"column":20},"end":{"line":24,"column":147}},"locations":[{"start":{"line":24,"column":20},"end":{"line":24,"column":147}}]},"3":{"type":"branch","line":25,"loc":{"start":{"line":25,"column":8},"end":{"line":25,"column":33}},"locations":[{"start":{"line":25,"column":8},"end":{"line":25,"column":33}}]},"4":{"type":"branch","line":25,"loc":{"start":{"line":25,"column":21},"end":{"line":25,"column":66}},"locations":[{"start":{"line":25,"column":21},"end":{"line":25,"column":66}}]},"5":{"type":"branch","line":25,"loc":{"start":{"line":25,"column":33},"end":{"line":25,"column":68}},"locations":[{"start":{"line":25,"column":33},"end":{"line":25,"column":68}}]},"6":{"type":"branch","line":38,"loc":{"start":{"line":38,"column":11},"end":{"line":38,"column":45}},"locations":[{"start":{"line":38,"column":11},"end":{"line":38,"column":45}}]},"7":{"type":"branch","line":38,"loc":{"start":{"line":38,"column":40},"end":{"line":38,"column":64}},"locations":[{"start":{"line":38,"column":40},"end":{"line":38,"column":64}}]}},"b":{"0":[36],"1":[11],"2":[25],"3":[1],"4":[1],"5":[35],"6":[11],"7":[25]},"fnMap":{"0":{"name":"PlaylistItem","decl":{"start":{"line":12,"column":50},"end":{"line":44,"column":2}},"loc":{"start":{"line":12,"column":50},"end":{"line":44,"column":2}},"line":12}},"f":{"0":36}}
,"/mnt/c/Users/Frandy/OneDrive/ATLAS/atlas-music-player/src/components/Playlist.tsx": {"path":"/mnt/c/Users/Frandy/OneDrive/ATLAS/atlas-music-player/src/components/Playlist.tsx","all":false,"statementMap":{"0":{"start":{"line":1,"column":0},"end":{"line":1,"column":44}},"1":{"start":{"line":2,"column":0},"end":{"line":2,"column":42}},"16":{"start":{"line":17,"column":0},"end":{"line":17,"column":91}},"17":{"start":{"line":18,"column":0},"end":{"line":18,"column":49}},"18":{"start":{"line":19,"column":0},"end":{"line":19,"column":47}},"19":{"start":{"line":20,"column":0},"end":{"line":20,"column":72}},"21":{"start":{"line":22,"column":0},"end":{"line":22,"column":19}},"22":{"start":{"line":23,"column":0},"end":{"line":23,"column":29}},"23":{"start":{"line":24,"column":0},"end":{"line":24,"column":32}},"24":{"start":{"line":25,"column":0},"end":{"line":25,"column":23}},"25":{"start":{"line":26,"column":0},"end":{"line":26,"column":23}},"26":{"start":{"line":27,"column":0},"end":{"line":27,"column":26}},"27":{"start":{"line":28,"column":0},"end":{"line":28,"column":8}},"28":{"start":{"line":29,"column":0},"end":{"line":29,"column":74}},"29":{"start":{"line":30,"column":0},"end":{"line":30,"column":9}},"31":{"start":{"line":32,"column":0},"end":{"line":32,"column":78}},"33":{"start":{"line":34,"column":0},"end":{"line":34,"column":43}},"34":{"start":{"line":35,"column":0},"end":{"line":35,"column":36}},"35":{"start":{"line":36,"column":0},"end":{"line":36,"column":50}},"36":{"start":{"line":37,"column":0},"end":{"line":37,"column":12}},"37":{"start":{"line":38,"column":0},"end":{"line":38,"column":28}},"38":{"start":{"line":39,"column":0},"end":{"line":39,"column":5}},"39":{"start":{"line":40,"column":0},"end":{"line":40,"column":23}},"40":{"start":{"line":41,"column":0},"end":{"line":41,"column":4}},"42":{"start":{"line":43,"column":0},"end":{"line":43,"column":10}},"43":{"start":{"line":44,"column":0},"end":{"line":44,"column":53}},"45":{"start":{"line":46,"column":0},"end":{"line":46,"column":67}},"48":{"start":{"line":49,"column":0},"end":{"line":49,"column":61}},"49":{"start":{"line":50,"column":0},"end":{"line":50,"column":30}},"50":{"start":{"line":51,"column":0},"end":{"line":51,"column":23}},"51":{"start":{"line":52,"column":0},"end":{"line":52,"column":25}},"52":{"start":{"line":53,"column":0},"end":{"line":53,"column":30}},"53":{"start":{"line":54,"column":0},"end":{"line":54,"column":32}},"54":{"start":{"line":55,"column":0},"end":{"line":55,"column":36}},"55":{"start":{"line":56,"column":0},"end":{"line":56,"column":62}},"56":{"start":{"line":57,"column":0},"end":{"line":57,"column":47}},"57":{"start":{"line":58,"column":0},"end":{"line":58,"column":49}},"58":{"start":{"line":59,"column":0},"end":{"line":59,"column":12}},"59":{"start":{"line":60,"column":0},"end":{"line":60,"column":11}},"60":{"start":{"line":61,"column":0},"end":{"line":61,"column":12}},"61":{"start":{"line":62,"column":0},"end":{"line":62,"column":10}},"65":{"start":{"line":66,"column":0},"end":{"line":66,"column":2}},"67":{"start":{"line":68,"column":0},"end":{"line":68,"column":24}}},"s":{"0":1,"1":1,"16":1,"17":16,"18":16,"19":16,"21":16,"22":5,"23":5,"24":5,"25":5,"26":5,"27":5,"28":5,"29":16,"31":16,"33":11,"34":0,"35":0,"36":0,"37":0,"38":0,"39":0,"40":0,"42":11,"43":11,"45":11,"48":11,"49":11,"50":33,"51":33,"52":33,"53":33,"54":33,"55":33,"56":33,"57":33,"58":33,"59":11,"60":11,"61":11,"65":11,"67":1},"branchMap":{"0":{"type":"branch","line":17,"loc":{"start":{"line":17,"column":42},"end":{"line":66,"column":2}},"locations":[{"start":{"line":17,"column":42},"end":{"line":66,"column":2}}]},"1":{"type":"branch","line":32,"loc":{"start":{"line":32,"column":15},"end":{"line":32,"column":78}},"locations":[{"start":{"line":32,"column":15},"end":{"line":32,"column":78}}]},"2":{"type":"branch","line":32,"loc":{"start":{"line":32,"column":73},"end":{"line":66,"column":2}},"locations":[{"start":{"line":32,"column":73},"end":{"line":66,"column":2}}]},"3":{"type":"branch","line":22,"loc":{"start":{"line":22,"column":12},"end":{"line":30,"column":5}},"locations":[{"start":{"line":22,"column":12},"end":{"line":30,"column":5}}]},"4":{"type":"branch","line":24,"loc":{"start":{"line":24,"column":12},"end":{"line":24,"column":31}},"locations":[{"start":{"line":24,"column":12},"end":{"line":24,"column":31}}]},"5":{"type":"branch","line":25,"loc":{"start":{"line":25,"column":12},"end":{"line":28,"column":7}},"locations":[{"start":{"line":25,"column":12},"end":{"line":28,"column":7}}]},"6":{"type":"branch","line":50,"loc":{"start":{"line":50,"column":19},"end":{"line":59,"column":12}},"locations":[{"start":{"line":50,"column":19},"end":{"line":59,"column":12}}]},"7":{"type":"branch","line":56,"loc":{"start":{"line":56,"column":35},"end":{"line":56,"column":62}},"locations":[{"start":{"line":56,"column":35},"end":{"line":56,"column":62}}]}},"b":{"0":[16],"1":[5],"2":[11],"3":[5],"4":[5],"5":[5],"6":[33],"7":[11]},"fnMap":{"0":{"name":"Playlist","decl":{"start":{"line":17,"column":42},"end":{"line":66,"column":2}},"loc":{"start":{"line":17,"column":42},"end":{"line":66,"column":2}},"line":17},"1":{"name":"handleSongClick","decl":{"start":{"line":34,"column":26},"end":{"line":41,"column":4}},"loc":{"start":{"line":34,"column":26},"end":{"line":41,"column":4}},"line":34},"2":{"name":"onClick","decl":{"start":{"line":58,"column":21},"end":{"line":58,"column":49}},"loc":{"start":{"line":58,"column":21},"end":{"line":58,"column":49}},"line":58}},"f":{"0":16,"1":0,"2":0}}
,"/mnt/c/Users/Frandy/OneDrive/ATLAS/atlas-music-player/src/components/SongTitle.tsx": {"path":"/mnt/c/Users/Frandy/OneDrive/ATLAS/atlas-music-player/src/components/SongTitle.tsx","all":false,"statementMap":{"0":{"start":{"line":1,"column":0},"end":{"line":1,"column":44}},"6":{"start":{"line":7,"column":0},"end":{"line":7,"column":61}},"7":{"start":{"line":8,"column":0},"end":{"line":8,"column":49}},"8":{"start":{"line":9,"column":0},"end":{"line":9,"column":51}},"10":{"start":{"line":11,"column":0},"end":{"line":11,"column":19}},"11":{"start":{"line":12,"column":0},"end":{"line":12,"column":39}},"12":{"start":{"line":13,"column":0},"end":{"line":13,"column":11}},"13":{"start":{"line":14,"column":0},"end":{"line":14,"column":64}},"14":{"start":{"line":15,"column":0},"end":{"line":15,"column":43}},"15":{"start":{"line":16,"column":0},"end":{"line":16,"column":29}},"16":{"start":{"line":17,"column":0},"end":{"line":17,"column":31}},"17":{"start":{"line":18,"column":0},"end":{"line":18,"column":23}},"18":{"start":{"line":19,"column":0},"end":{"line":19,"column":61}},"19":{"start":{"line":20,"column":0},"end":{"line":20,"column":7}},"20":{"start":{"line":21,"column":0},"end":{"line":21,"column":5}},"22":{"start":{"line":23,"column":0},"end":{"line":23,"column":23}},"23":{"start":{"line":24,"column":0},"end":{"line":24,"column":15}},"25":{"start":{"line":26,"column":0},"end":{"line":26,"column":10}},"26":{"start":{"line":27,"column":0},"end":{"line":27,"column":33}},"27":{"start":{"line":28,"column":0},"end":{"line":28,"column":75}},"28":{"start":{"line":29,"column":0},"end":{"line":29,"column":34}},"29":{"start":{"line":30,"column":0},"end":{"line":30,"column":11}},"30":{"start":{"line":31,"column":0},"end":{"line":31,"column":64}},"31":{"start":{"line":32,"column":0},"end":{"line":32,"column":36}},"32":{"start":{"line":33,"column":0},"end":{"line":33,"column":10}},"33":{"start":{"line":34,"column":0},"end":{"line":34,"column":10}},"35":{"start":{"line":36,"column":0},"end":{"line":36,"column":2}},"37":{"start":{"line":38,"column":0},"end":{"line":38,"column":25}}},"s":{"0":1,"6":1,"7":1,"8":1,"10":1,"11":1,"12":1,"13":1,"14":1,"15":1,"16":1,"17":1,"18":0,"19":0,"20":1,"22":1,"23":1,"25":1,"26":1,"27":1,"28":1,"29":1,"30":1,"31":1,"32":1,"33":1,"35":1,"37":1},"branchMap":{"0":{"type":"branch","line":7,"loc":{"start":{"line":7,"column":44},"end":{"line":36,"column":2}},"locations":[{"start":{"line":7,"column":44},"end":{"line":36,"column":2}}]},"1":{"type":"branch","line":11,"loc":{"start":{"line":11,"column":12},"end":{"line":24,"column":5}},"locations":[{"start":{"line":11,"column":12},"end":{"line":24,"column":5}}]},"2":{"type":"branch","line":12,"loc":{"start":{"line":12,"column":4},"end":{"line":21,"column":5}},"locations":[{"start":{"line":12,"column":4},"end":{"line":21,"column":5}}]},"3":{"type":"branch","line":18,"loc":{"start":{"line":18,"column":6},"end":{"line":20,"column":7}},"locations":[{"start":{"line":18,"column":6},"end":{"line":20,"column":7}}]}},"b":{"0":[1],"1":[1],"2":[1],"3":[0]},"fnMap":{"0":{"name":"SongTitle","decl":{"start":{"line":7,"column":44},"end":{"line":36,"column":2}},"loc":{"start":{"line":7,"column":44},"end":{"line":36,"column":2}},"line":7},"1":{"name":"fetchSongDetails","decl":{"start":{"line":12,"column":4},"end":{"line":21,"column":5}},"loc":{"start":{"line":12,"column":4},"end":{"line":21,"column":5}},"line":12}},"f":{"0":1,"1":1}}
,"/mnt/c/Users/Frandy/OneDrive/ATLAS/atlas-music-player/src/components/ThemeToggle.tsx": {"path":"/mnt/c/Users/Frandy/OneDrive/ATLAS/atlas-music-player/src/components/ThemeToggle.tsx","all":false,"statementMap":{"0":{"start":{"line":1,"column":0},"end":{"line":1,"column":44}},"1":{"start":{"line":2,"column":0},"end":{"line":2,"column":41}},"3":{"start":{"line":4,"column":0},"end":{"line":4,"column":37}},"4":{"start":{"line":5,"column":0},"end":{"line":5,"column":59}},"5":{"start":{"line":6,"column":0},"end":{"line":6,"column":12}},"6":{"start":{"line":7,"column":0},"end":{"line":7,"column":49}},"7":{"start":{"line":8,"column":0},"end":{"line":8,"column":99}},"9":{"start":{"line":10,"column":0},"end":{"line":10,"column":5}},"11":{"start":{"line":12,"column":0},"end":{"line":12,"column":19}},"12":{"start":{"line":13,"column":0},"end":{"line":13,"column":19}},"13":{"start":{"line":14,"column":0},"end":{"line":14,"column":53}},"14":{"start":{"line":15,"column":0},"end":{"line":15,"column":44}},"15":{"start":{"line":16,"column":0},"end":{"line":16,"column":12}},"16":{"start":{"line":17,"column":0},"end":{"line":17,"column":56}},"17":{"start":{"line":18,"column":0},"end":{"line":18,"column":45}},"18":{"start":{"line":19,"column":0},"end":{"line":19,"column":5}},"19":{"start":{"line":20,"column":0},"end":{"line":20,"column":17}},"21":{"start":{"line":22,"column":0},"end":{"line":22,"column":10}},"22":{"start":{"line":23,"column":0},"end":{"line":23,"column":11}},"23":{"start":{"line":24,"column":0},"end":{"line":24,"column":44}},"24":{"start":{"line":25,"column":0},"end":{"line":25,"column":72}},"27":{"start":{"line":28,"column":0},"end":{"line":28,"column":111}},"28":{"start":{"line":29,"column":0},"end":{"line":29,"column":13}},"30":{"start":{"line":31,"column":0},"end":{"line":31,"column":2}},"32":{"start":{"line":33,"column":0},"end":{"line":33,"column":27}}},"s":{"0":1,"1":1,"3":1,"4":23,"5":5,"6":5,"7":5,"9":23,"11":23,"12":5,"13":0,"14":0,"15":5,"16":5,"17":5,"18":5,"19":23,"21":23,"22":23,"23":23,"24":23,"27":23,"28":23,"30":23,"32":1},"branchMap":{"0":{"type":"branch","line":4,"loc":{"start":{"line":4,"column":30},"end":{"line":31,"column":2}},"locations":[{"start":{"line":4,"column":30},"end":{"line":31,"column":2}}]},"1":{"type":"branch","line":28,"loc":{"start":{"line":28,"column":7},"end":{"line":28,"column":65}},"locations":[{"start":{"line":28,"column":7},"end":{"line":28,"column":65}}]},"2":{"type":"branch","line":5,"loc":{"start":{"line":5,"column":52},"end":{"line":10,"column":3}},"locations":[{"start":{"line":5,"column":52},"end":{"line":10,"column":3}}]},"3":{"type":"branch","line":8,"loc":{"start":{"line":8,"column":36},"end":{"line":8,"column":99}},"locations":[{"start":{"line":8,"column":36},"end":{"line":8,"column":99}}]},"4":{"type":"branch","line":12,"loc":{"start":{"line":12,"column":12},"end":{"line":20,"column":5}},"locations":[{"start":{"line":12,"column":12},"end":{"line":20,"column":5}}]},"5":{"type":"branch","line":13,"loc":{"start":{"line":13,"column":18},"end":{"line":16,"column":11}},"locations":[{"start":{"line":13,"column":18},"end":{"line":16,"column":11}}]}},"b":{"0":[23],"1":[0],"2":[5],"3":[1],"4":[5],"5":[0]},"fnMap":{"0":{"name":"ThemeToggle","decl":{"start":{"line":4,"column":30},"end":{"line":31,"column":2}},"loc":{"start":{"line":4,"column":30},"end":{"line":31,"column":2}},"line":4},"1":{"name":"onClick","decl":{"start":{"line":24,"column":15},"end":{"line":24,"column":44}},"loc":{"start":{"line":24,"column":15},"end":{"line":24,"column":44}},"line":24}},"f":{"0":23,"1":0}}
,"/mnt/c/Users/Frandy/OneDrive/ATLAS/atlas-music-player/src/components/VolumeControls.tsx": {"path":"/mnt/c/Users/Frandy/OneDrive/ATLAS/atlas-music-player/src/components/VolumeControls.tsx","all":false,"statementMap":{"0":{"start":{"line":1,"column":0},"end":{"line":1,"column":33}},"1":{"start":{"line":2,"column":0},"end":{"line":2,"column":50}},"8":{"start":{"line":9,"column":0},"end":{"line":9,"column":95}},"9":{"start":{"line":10,"column":0},"end":{"line":10,"column":43}},"10":{"start":{"line":11,"column":0},"end":{"line":11,"column":62}},"11":{"start":{"line":12,"column":0},"end":{"line":12,"column":56}},"13":{"start":{"line":14,"column":0},"end":{"line":14,"column":31}},"16":{"start":{"line":17,"column":0},"end":{"line":17,"column":43}},"17":{"start":{"line":18,"column":0},"end":{"line":18,"column":10}},"18":{"start":{"line":19,"column":0},"end":{"line":19,"column":85}},"19":{"start":{"line":20,"column":0},"end":{"line":20,"column":84}},"21":{"start":{"line":22,"column":0},"end":{"line":22,"column":78}},"22":{"start":{"line":23,"column":0},"end":{"line":23,"column":49}},"23":{"start":{"line":24,"column":0},"end":{"line":24,"column":25}},"24":{"start":{"line":25,"column":0},"end":{"line":25,"column":30}},"25":{"start":{"line":26,"column":0},"end":{"line":26,"column":4}},"27":{"start":{"line":28,"column":0},"end":{"line":28,"column":32}},"28":{"start":{"line":29,"column":0},"end":{"line":29,"column":64}},"29":{"start":{"line":30,"column":0},"end":{"line":30,"column":87}},"30":{"start":{"line":31,"column":0},"end":{"line":31,"column":121}},"31":{"start":{"line":32,"column":0},"end":{"line":32,"column":88}},"32":{"start":{"line":33,"column":0},"end":{"line":33,"column":4}},"34":{"start":{"line":35,"column":0},"end":{"line":35,"column":10}},"35":{"start":{"line":36,"column":0},"end":{"line":36,"column":52}},"37":{"start":{"line":38,"column":0},"end":{"line":38,"column":95}},"38":{"start":{"line":39,"column":0},"end":{"line":39,"column":67}},"39":{"start":{"line":40,"column":0},"end":{"line":40,"column":15}},"42":{"start":{"line":43,"column":0},"end":{"line":43,"column":10}},"43":{"start":{"line":44,"column":0},"end":{"line":44,"column":38}},"44":{"start":{"line":45,"column":0},"end":{"line":45,"column":52}},"45":{"start":{"line":46,"column":0},"end":{"line":46,"column":53}},"47":{"start":{"line":48,"column":0},"end":{"line":48,"column":12}},"48":{"start":{"line":49,"column":0},"end":{"line":49,"column":163}},"49":{"start":{"line":50,"column":0},"end":{"line":50,"column":35}},"50":{"start":{"line":51,"column":0},"end":{"line":51,"column":73}},"52":{"start":{"line":53,"column":0},"end":{"line":53,"column":19}},"53":{"start":{"line":54,"column":0},"end":{"line":54,"column":14}},"55":{"start":{"line":56,"column":0},"end":{"line":56,"column":14}},"56":{"start":{"line":57,"column":0},"end":{"line":57,"column":22}},"57":{"start":{"line":58,"column":0},"end":{"line":58,"column":17}},"58":{"start":{"line":59,"column":0},"end":{"line":59,"column":19}},"59":{"start":{"line":60,"column":0},"end":{"line":60,"column":24}},"60":{"start":{"line":61,"column":0},"end":{"line":61,"column":39}},"61":{"start":{"line":62,"column":0},"end":{"line":62,"column":53}},"62":{"start":{"line":63,"column":0},"end":{"line":63,"column":52}},"63":{"start":{"line":64,"column":0},"end":{"line":64,"column":95}},"64":{"start":{"line":65,"column":0},"end":{"line":65,"column":10}},"65":{"start":{"line":66,"column":0},"end":{"line":66,"column":12}},"68":{"start":{"line":69,"column":0},"end":{"line":69,"column":32}},"69":{"start":{"line":70,"column":0},"end":{"line":70,"column":15}},"70":{"start":{"line":71,"column":0},"end":{"line":71,"column":95}},"71":{"start":{"line":72,"column":0},"end":{"line":72,"column":34}},"72":{"start":{"line":73,"column":0},"end":{"line":73,"column":51}},"73":{"start":{"line":74,"column":0},"end":{"line":74,"column":52}},"75":{"start":{"line":76,"column":0},"end":{"line":76,"column":76}},"76":{"start":{"line":77,"column":0},"end":{"line":77,"column":17}},"78":{"start":{"line":79,"column":0},"end":{"line":79,"column":25}},"79":{"start":{"line":80,"column":0},"end":{"line":80,"column":119}},"81":{"start":{"line":82,"column":0},"end":{"line":82,"column":16}},"83":{"start":{"line":84,"column":0},"end":{"line":84,"column":12}},"84":{"start":{"line":85,"column":0},"end":{"line":85,"column":10}},"87":{"start":{"line":88,"column":0},"end":{"line":88,"column":2}},"89":{"start":{"line":90,"column":0},"end":{"line":90,"column":30}}},"s":{"0":1,"1":1,"8":1,"9":14,"10":14,"11":14,"13":14,"16":14,"17":14,"18":0,"19":14,"21":14,"22":0,"23":0,"24":0,"25":0,"27":14,"28":28,"29":28,"30":28,"31":0,"32":28,"34":14,"35":14,"37":14,"38":14,"39":14,"42":14,"43":14,"44":14,"45":14,"47":14,"48":14,"49":14,"50":14,"52":14,"53":14,"55":14,"56":14,"57":14,"58":14,"59":14,"60":14,"61":14,"62":14,"63":14,"64":14,"65":14,"68":14,"69":14,"70":14,"71":14,"72":14,"73":14,"75":14,"76":14,"78":14,"79":0,"81":0,"83":14,"84":14,"87":14,"89":1},"branchMap":{"0":{"type":"branch","line":9,"loc":{"start":{"line":9,"column":54},"end":{"line":88,"column":2}},"locations":[{"start":{"line":9,"column":54},"end":{"line":88,"column":2}}]},"1":{"type":"branch","line":39,"loc":{"start":{"line":39,"column":9},"end":{"line":39,"column":45}},"locations":[{"start":{"line":39,"column":9},"end":{"line":39,"column":45}}]},"2":{"type":"branch","line":49,"loc":{"start":{"line":49,"column":119},"end":{"line":49,"column":152}},"locations":[{"start":{"line":49,"column":119},"end":{"line":49,"column":152}}]},"3":{"type":"branch","line":79,"loc":{"start":{"line":79,"column":9},"end":{"line":82,"column":16}},"locations":[{"start":{"line":79,"column":9},"end":{"line":82,"column":16}}]},"4":{"type":"branch","line":17,"loc":{"start":{"line":17,"column":23},"end":{"line":20,"column":84}},"locations":[{"start":{"line":17,"column":23},"end":{"line":20,"column":84}}]},"5":{"type":"branch","line":18,"loc":{"start":{"line":18,"column":4},"end":{"line":19,"column":85}},"locations":[{"start":{"line":18,"column":4},"end":{"line":19,"column":85}}]},"6":{"type":"branch","line":28,"loc":{"start":{"line":28,"column":25},"end":{"line":33,"column":4}},"locations":[{"start":{"line":28,"column":25},"end":{"line":33,"column":4}}]},"7":{"type":"branch","line":29,"loc":{"start":{"line":29,"column":22},"end":{"line":29,"column":64}},"locations":[{"start":{"line":29,"column":22},"end":{"line":29,"column":64}}]},"8":{"type":"branch","line":30,"loc":{"start":{"line":30,"column":44},"end":{"line":31,"column":37}},"locations":[{"start":{"line":30,"column":44},"end":{"line":31,"column":37}}]},"9":{"type":"branch","line":31,"loc":{"start":{"line":31,"column":37},"end":{"line":32,"column":88}},"locations":[{"start":{"line":31,"column":37},"end":{"line":32,"column":88}}]}},"b":{"0":[14],"1":[0],"2":[0],"3":[0],"4":[14],"5":[0],"6":[28],"7":[0],"8":[0],"9":[0]},"fnMap":{"0":{"name":"VolumeControls","decl":{"start":{"line":9,"column":54},"end":{"line":88,"column":2}},"loc":{"start":{"line":9,"column":54},"end":{"line":88,"column":2}},"line":9},"1":{"name":"getIconColor","decl":{"start":{"line":17,"column":23},"end":{"line":20,"column":84}},"loc":{"start":{"line":17,"column":23},"end":{"line":20,"column":84}},"line":17},"2":{"name":"handleVolumeChange","decl":{"start":{"line":22,"column":29},"end":{"line":26,"column":4}},"loc":{"start":{"line":22,"column":29},"end":{"line":26,"column":4}},"line":22},"3":{"name":"getVolumeColor","decl":{"start":{"line":28,"column":25},"end":{"line":33,"column":4}},"loc":{"start":{"line":28,"column":25},"end":{"line":33,"column":4}},"line":28},"4":{"name":"onClick","decl":{"start":{"line":38,"column":57},"end":{"line":38,"column":95}},"loc":{"start":{"line":38,"column":57},"end":{"line":38,"column":95}},"line":38},"5":{"name":"onMouseEnter","decl":{"start":{"line":45,"column":22},"end":{"line":45,"column":52}},"loc":{"start":{"line":45,"column":22},"end":{"line":45,"column":52}},"line":45},"6":{"name":"onMouseLeave","decl":{"start":{"line":46,"column":22},"end":{"line":46,"column":53}},"loc":{"start":{"line":46,"column":22},"end":{"line":46,"column":53}},"line":46},"7":{"name":"onMouseDown","decl":{"start":{"line":62,"column":23},"end":{"line":62,"column":53}},"loc":{"start":{"line":62,"column":23},"end":{"line":62,"column":53}},"line":62},"8":{"name":"onMouseUp","decl":{"start":{"line":63,"column":21},"end":{"line":63,"column":52}},"loc":{"start":{"line":63,"column":21},"end":{"line":63,"column":52}},"line":63},"9":{"name":"onMouseEnter","decl":{"start":{"line":73,"column":24},"end":{"line":73,"column":51}},"loc":{"start":{"line":73,"column":24},"end":{"line":73,"column":51}},"line":73},"10":{"name":"onMouseLeave","decl":{"start":{"line":74,"column":24},"end":{"line":74,"column":52}},"loc":{"start":{"line":74,"column":24},"end":{"line":74,"column":52}},"line":74}},"f":{"0":14,"1":14,"2":0,"3":28,"4":0,"5":0,"6":0,"7":0,"8":0,"9":0,"10":0}}
,"/mnt/c/Users/Frandy/OneDrive/ATLAS/atlas-music-player/src/mocks/handlers.ts": {"path":"/mnt/c/Users/Frandy/OneDrive/ATLAS/atlas-music-player/src/mocks/handlers.ts","all":false,"statementMap":{"0":{"start":{"line":1,"column":0},"end":{"line":1,"column":41}},"2":{"start":{"line":3,"column":0},"end":{"line":3,"column":25}},"4":{"start":{"line":5,"column":0},"end":{"line":5,"column":38}},"5":{"start":{"line":6,"column":0},"end":{"line":6,"column":30}},"6":{"start":{"line":7,"column":0},"end":{"line":7,"column":92}},"7":{"start":{"line":8,"column":0},"end":{"line":8,"column":92}},"8":{"start":{"line":9,"column":0},"end":{"line":9,"column":92}},"9":{"start":{"line":10,"column":0},"end":{"line":10,"column":7}},"10":{"start":{"line":11,"column":0},"end":{"line":11,"column":5}},"13":{"start":{"line":14,"column":0},"end":{"line":14,"column":49}},"14":{"start":{"line":15,"column":0},"end":{"line":15,"column":44}},"15":{"start":{"line":16,"column":0},"end":{"line":16,"column":30}},"16":{"start":{"line":17,"column":0},"end":{"line":17,"column":9}},"17":{"start":{"line":18,"column":0},"end":{"line":18,"column":26}},"18":{"start":{"line":19,"column":0},"end":{"line":19,"column":29}},"19":{"start":{"line":20,"column":0},"end":{"line":20,"column":38}},"20":{"start":{"line":21,"column":0},"end":{"line":21,"column":31}},"21":{"start":{"line":22,"column":0},"end":{"line":22,"column":76}},"22":{"start":{"line":23,"column":0},"end":{"line":23,"column":43}},"23":{"start":{"line":24,"column":0},"end":{"line":24,"column":7}},"24":{"start":{"line":25,"column":0},"end":{"line":25,"column":5}},"25":{"start":{"line":26,"column":0},"end":{"line":26,"column":2}}},"s":{"0":1,"2":1,"4":1,"5":10,"6":10,"7":10,"8":10,"9":10,"10":1,"13":1,"14":10,"15":10,"16":10,"17":10,"18":10,"19":10,"20":10,"21":10,"22":10,"23":10,"24":1,"25":1},"branchMap":{"0":{"type":"branch","line":5,"loc":{"start":{"line":5,"column":31},"end":{"line":11,"column":3}},"locations":[{"start":{"line":5,"column":31},"end":{"line":11,"column":3}}]},"1":{"type":"branch","line":14,"loc":{"start":{"line":14,"column":32},"end":{"line":25,"column":3}},"locations":[{"start":{"line":14,"column":32},"end":{"line":25,"column":3}}]}},"b":{"0":[10],"1":[10]},"fnMap":{},"f":{}}
,"/mnt/c/Users/Frandy/OneDrive/ATLAS/atlas-music-player/src/mocks/server.ts": {"path":"/mnt/c/Users/Frandy/OneDrive/ATLAS/atlas-music-player/src/mocks/server.ts","all":false,"statementMap":{"0":{"start":{"line":1,"column":0},"end":{"line":1,"column":39}},"1":{"start":{"line":2,"column":0},"end":{"line":2,"column":38}},"3":{"start":{"line":4,"column":0},"end":{"line":4,"column":47}}},"s":{"0":1,"1":1,"3":1},"branchMap":{},"b":{},"fnMap":{},"f":{}}
}
